{"/home/travis/build/npmtest/node-npmtest-griddle-react/test.js":{"path":"/home/travis/build/npmtest/node-npmtest-griddle-react/test.js","s":{"1":2,"2":2,"3":2,"4":2,"5":2,"6":2,"7":2,"8":1,"9":2,"10":2,"11":1,"12":1,"13":1,"14":1,"15":2,"16":2,"17":2,"18":2,"19":1,"20":1,"21":2,"22":2,"23":2,"24":1,"25":1,"26":1,"27":1,"28":1,"29":1,"30":1,"31":1,"32":1,"33":1,"34":1,"35":1,"36":1,"37":1,"38":1,"39":2,"40":2,"41":1,"42":2,"43":2,"44":1,"45":2,"46":2,"47":1,"48":2,"49":2,"50":1,"51":1,"52":1,"53":1,"54":1},"b":{"1":[2,1,1,1],"2":[1,1,1,1],"3":[1,1],"4":[1,1],"5":[1,1],"6":[1,1],"7":[1,1],"8":[1,1],"9":[1,1],"10":[1,1,1],"11":[1,1],"12":[1,1],"13":[1,1],"14":[1,1],"15":[1,1],"16":[1,1],"17":[1,1]},"f":{"1":2,"2":2,"3":2,"4":2,"5":2,"6":1,"7":1,"8":1,"9":2,"10":2,"11":2,"12":2,"13":1},"fnMap":{"1":{"name":"(anonymous_1)","line":12,"loc":{"start":{"line":12,"column":1},"end":{"line":12,"column":13}}},"2":{"name":"(anonymous_2)","line":19,"loc":{"start":{"line":19,"column":5},"end":{"line":19,"column":17}}},"3":{"name":"(anonymous_3)","line":23,"loc":{"start":{"line":23,"column":24},"end":{"line":23,"column":36}}},"4":{"name":"(anonymous_4)","line":61,"loc":{"start":{"line":61,"column":5},"end":{"line":61,"column":17}}},"5":{"name":"(anonymous_5)","line":82,"loc":{"start":{"line":82,"column":5},"end":{"line":82,"column":17}}},"6":{"name":"(anonymous_6)","line":91,"loc":{"start":{"line":91,"column":77},"end":{"line":94,"column":10}}},"7":{"name":"(anonymous_7)","line":112,"loc":{"start":{"line":112,"column":83},"end":{"line":115,"column":10}},"skip":true},"8":{"name":"(anonymous_8)","line":123,"loc":{"start":{"line":123,"column":77},"end":{"line":126,"column":10}},"skip":true},"9":{"name":"(anonymous_9)","line":139,"loc":{"start":{"line":139,"column":12},"end":{"line":139,"column":40}},"skip":true},"10":{"name":"(anonymous_10)","line":147,"loc":{"start":{"line":147,"column":77},"end":{"line":150,"column":10}},"skip":true},"11":{"name":"(anonymous_11)","line":158,"loc":{"start":{"line":158,"column":83},"end":{"line":161,"column":10}},"skip":true},"12":{"name":"(anonymous_12)","line":169,"loc":{"start":{"line":169,"column":79},"end":{"line":172,"column":10}},"skip":true},"13":{"name":"(anonymous_13)","line":180,"loc":{"start":{"line":180,"column":75},"end":{"line":183,"column":10}},"skip":true}},"statementMap":{"1":{"start":{"line":12,"column":0},"end":{"line":195,"column":5}},"2":{"start":{"line":14,"column":4},"end":{"line":14,"column":14}},"3":{"start":{"line":19,"column":4},"end":{"line":56,"column":9}},"4":{"start":{"line":21,"column":8},"end":{"line":21,"column":19}},"5":{"start":{"line":23,"column":8},"end":{"line":35,"column":13}},"6":{"start":{"line":24,"column":12},"end":{"line":34,"column":13}},"7":{"start":{"line":25,"column":16},"end":{"line":28,"column":30}},"8":{"start":{"line":30,"column":16},"end":{"line":33,"column":27}},"9":{"start":{"line":37,"column":8},"end":{"line":39,"column":21}},"10":{"start":{"line":40,"column":8},"end":{"line":53,"column":9}},"11":{"start":{"line":43,"column":12},"end":{"line":46,"column":14}},"12":{"start":{"line":47,"column":12},"end":{"line":47,"column":18}},"13":{"start":{"line":50,"column":12},"end":{"line":51,"column":46}},"14":{"start":{"line":52,"column":12},"end":{"line":52,"column":18}},"15":{"start":{"line":55,"column":8},"end":{"line":55,"column":35}},"16":{"start":{"line":61,"column":4},"end":{"line":63,"column":9}},"17":{"start":{"line":62,"column":8},"end":{"line":62,"column":15}},"18":{"start":{"line":64,"column":4},"end":{"line":77,"column":5}},"19":{"start":{"line":70,"column":8},"end":{"line":70,"column":14}},"20":{"start":{"line":76,"column":8},"end":{"line":76,"column":14}},"21":{"start":{"line":82,"column":4},"end":{"line":84,"column":9}},"22":{"start":{"line":83,"column":8},"end":{"line":83,"column":15}},"23":{"start":{"line":85,"column":4},"end":{"line":194,"column":5}},"24":{"start":{"line":91,"column":8},"end":{"line":99,"column":10}},"25":{"start":{"line":98,"column":12},"end":{"line":98,"column":35}},"26":{"start":{"line":102,"column":8},"end":{"line":104,"column":63}},"27":{"start":{"line":105,"column":8},"end":{"line":105,"column":14}},"28":{"start":{"line":112,"column":8},"end":{"line":121,"column":10},"skip":true},"29":{"start":{"line":119,"column":12},"end":{"line":119,"column":55},"skip":true},"30":{"start":{"line":120,"column":12},"end":{"line":120,"column":48},"skip":true},"31":{"start":{"line":123,"column":8},"end":{"line":136,"column":10},"skip":true},"32":{"start":{"line":130,"column":12},"end":{"line":130,"column":76},"skip":true},"33":{"start":{"line":131,"column":12},"end":{"line":131,"column":73},"skip":true},"34":{"start":{"line":132,"column":12},"end":{"line":132,"column":74},"skip":true},"35":{"start":{"line":133,"column":12},"end":{"line":133,"column":79},"skip":true},"36":{"start":{"line":134,"column":12},"end":{"line":134,"column":25},"skip":true},"37":{"start":{"line":135,"column":12},"end":{"line":135,"column":45},"skip":true},"38":{"start":{"line":138,"column":8},"end":{"line":145,"column":14},"skip":true},"39":{"start":{"line":143,"column":16},"end":{"line":143,"column":29},"skip":true},"40":{"start":{"line":144,"column":16},"end":{"line":144,"column":55},"skip":true},"41":{"start":{"line":147,"column":8},"end":{"line":156,"column":10},"skip":true},"42":{"start":{"line":154,"column":12},"end":{"line":154,"column":25},"skip":true},"43":{"start":{"line":155,"column":12},"end":{"line":155,"column":45},"skip":true},"44":{"start":{"line":158,"column":8},"end":{"line":167,"column":10},"skip":true},"45":{"start":{"line":165,"column":12},"end":{"line":165,"column":25},"skip":true},"46":{"start":{"line":166,"column":12},"end":{"line":166,"column":48},"skip":true},"47":{"start":{"line":169,"column":8},"end":{"line":178,"column":10},"skip":true},"48":{"start":{"line":176,"column":12},"end":{"line":176,"column":25},"skip":true},"49":{"start":{"line":177,"column":12},"end":{"line":177,"column":46},"skip":true},"50":{"start":{"line":180,"column":8},"end":{"line":189,"column":10},"skip":true},"51":{"start":{"line":187,"column":12},"end":{"line":187,"column":94},"skip":true},"52":{"start":{"line":188,"column":12},"end":{"line":188,"column":48},"skip":true},"53":{"start":{"line":192,"column":8},"end":{"line":192,"column":35},"skip":true},"54":{"start":{"line":193,"column":8},"end":{"line":193,"column":14},"skip":true}},"branchMap":{"1":{"line":25,"type":"binary-expr","locations":[{"start":{"line":25,"column":23},"end":{"line":25,"column":62}},{"start":{"line":26,"column":20},"end":{"line":26,"column":70}},{"start":{"line":27,"column":20},"end":{"line":27,"column":71}},{"start":{"line":28,"column":20},"end":{"line":28,"column":29}}]},"2":{"line":30,"type":"binary-expr","locations":[{"start":{"line":30,"column":23},"end":{"line":30,"column":37}},{"start":{"line":31,"column":20},"end":{"line":31,"column":61}},{"start":{"line":32,"column":20},"end":{"line":32,"column":70}},{"start":{"line":33,"column":20},"end":{"line":33,"column":26}}]},"3":{"line":37,"type":"cond-expr","locations":[{"start":{"line":38,"column":14},"end":{"line":38,"column":20}},{"start":{"line":39,"column":14},"end":{"line":39,"column":20}}]},"4":{"line":40,"type":"switch","locations":[{"start":{"line":42,"column":8},"end":{"line":47,"column":18}},{"start":{"line":49,"column":8},"end":{"line":52,"column":18}}]},"5":{"line":44,"type":"binary-expr","locations":[{"start":{"line":44,"column":16},"end":{"line":44,"column":44}},{"start":{"line":44,"column":48},"end":{"line":44,"column":66}}]},"6":{"line":50,"type":"binary-expr","locations":[{"start":{"line":50,"column":21},"end":{"line":50,"column":49}},{"start":{"line":50,"column":53},"end":{"line":50,"column":72}}]},"7":{"line":64,"type":"switch","locations":[{"start":{"line":69,"column":4},"end":{"line":70,"column":14}},{"start":{"line":75,"column":4},"end":{"line":76,"column":14}}]},"8":{"line":85,"type":"switch","locations":[{"start":{"line":90,"column":4},"end":{"line":105,"column":14}},{"start":{"line":111,"column":4},"end":{"line":193,"column":14},"skip":true}]},"9":{"line":91,"type":"binary-expr","locations":[{"start":{"line":91,"column":42},"end":{"line":91,"column":73}},{"start":{"line":91,"column":77},"end":{"line":99,"column":9}}]},"10":{"line":102,"type":"binary-expr","locations":[{"start":{"line":102,"column":18},"end":{"line":102,"column":32}},{"start":{"line":103,"column":12},"end":{"line":103,"column":53}},{"start":{"line":104,"column":12},"end":{"line":104,"column":61}}]},"11":{"line":112,"type":"binary-expr","locations":[{"start":{"line":112,"column":45},"end":{"line":112,"column":79},"skip":true},{"start":{"line":112,"column":83},"end":{"line":121,"column":9},"skip":true}]},"12":{"line":123,"type":"binary-expr","locations":[{"start":{"line":123,"column":42},"end":{"line":123,"column":73},"skip":true},{"start":{"line":123,"column":77},"end":{"line":136,"column":9},"skip":true}]},"13":{"line":138,"type":"binary-expr","locations":[{"start":{"line":138,"column":48},"end":{"line":138,"column":85},"skip":true},{"start":{"line":139,"column":12},"end":{"line":145,"column":13},"skip":true}]},"14":{"line":147,"type":"binary-expr","locations":[{"start":{"line":147,"column":42},"end":{"line":147,"column":73},"skip":true},{"start":{"line":147,"column":77},"end":{"line":156,"column":9},"skip":true}]},"15":{"line":158,"type":"binary-expr","locations":[{"start":{"line":158,"column":45},"end":{"line":158,"column":79},"skip":true},{"start":{"line":158,"column":83},"end":{"line":167,"column":9},"skip":true}]},"16":{"line":169,"type":"binary-expr","locations":[{"start":{"line":169,"column":43},"end":{"line":169,"column":75},"skip":true},{"start":{"line":169,"column":79},"end":{"line":178,"column":9},"skip":true}]},"17":{"line":180,"type":"binary-expr","locations":[{"start":{"line":180,"column":41},"end":{"line":180,"column":71},"skip":true},{"start":{"line":180,"column":75},"end":{"line":189,"column":9},"skip":true}]}},"code":["/* istanbul instrument in package npmtest_griddle_react */","/*jslint","    bitwise: true,","    browser: true,","    maxerr: 8,","    maxlen: 96,","    node: true,","    nomen: true,","    regexp: true,","    stupid: true","*/","(function () {","    'use strict';","    var local;","","","","    // run shared js-env code - pre-init","    (function () {","        // init local","        local = {};","        // init modeJs","        local.modeJs = (function () {","            try {","                return typeof navigator.userAgent === 'string' &&","                    typeof document.querySelector('body') === 'object' &&","                    typeof XMLHttpRequest.prototype.open === 'function' &&","                    'browser';","            } catch (errorCaughtBrowser) {","                return module.exports &&","                    typeof process.versions.node === 'string' &&","                    typeof require('http').createServer === 'function' &&","                    'node';","            }","        }());","        // init global","        local.global = local.modeJs === 'browser'","            ? window","            : global;","        switch (local.modeJs) {","        // re-init local from window.local","        case 'browser':","            local = local.global.utility2.objectSetDefault(","                local.global.utility2_rollup || local.global.local,","                local.global.utility2","            );","            break;","        // re-init local from example.js","        case 'node':","            local = (local.global.utility2_rollup || require('utility2'))","                .requireExampleJsFromReadme();","            break;","        }","        // export local","        local.global.local = local;","    }());","","","","    // run shared js-env code - function","    (function () {","        return;","    }());","    switch (local.modeJs) {","","","","    // run browser js-env code - function","    case 'browser':","        break;","","","","    // run node js-env code - function","    case 'node':","        break;","    }","","","","    // run shared js-env code - post-init","    (function () {","        return;","    }());","    switch (local.modeJs) {","","","","    // run browser js-env code - post-init","    case 'browser':","        local.testCase_browser_nullCase = local.testCase_browser_nullCase || function (","            options,","            onError","        ) {","        /*","         * this function will test browsers's null-case handling-behavior-behavior","         */","            onError(null, options);","        };","","        // run tests","        local.nop(local.modeTest &&","            document.querySelector('#testRunButton1') &&","            document.querySelector('#testRunButton1').click());","        break;","","","","    // run node js-env code - post-init","    /* istanbul ignore next */","    case 'node':","        local.testCase_buildApidoc_default = local.testCase_buildApidoc_default || function (","            options,","            onError","        ) {","        /*","         * this function will test buildApidoc's default handling-behavior-behavior","         */","            options = { modulePathList: module.paths };","            local.buildApidoc(options, onError);","        };","","        local.testCase_buildApp_default = local.testCase_buildApp_default || function (","            options,","            onError","        ) {","        /*","         * this function will test buildApp's default handling-behavior-behavior","         */","            local.testCase_buildReadme_default(options, local.onErrorThrow);","            local.testCase_buildLib_default(options, local.onErrorThrow);","            local.testCase_buildTest_default(options, local.onErrorThrow);","            local.testCase_buildCustomOrg_default(options, local.onErrorThrow);","            options = [];","            local.buildApp(options, onError);","        };","","        local.testCase_buildCustomOrg_default = local.testCase_buildCustomOrg_default ||","            function (options, onError) {","            /*","             * this function will test buildCustomOrg's default handling-behavior","             */","                options = {};","                local.buildCustomOrg(options, onError);","            };","","        local.testCase_buildLib_default = local.testCase_buildLib_default || function (","            options,","            onError","        ) {","        /*","         * this function will test buildLib's default handling-behavior","         */","            options = {};","            local.buildLib(options, onError);","        };","","        local.testCase_buildReadme_default = local.testCase_buildReadme_default || function (","            options,","            onError","        ) {","        /*","         * this function will test buildReadme's default handling-behavior-behavior","         */","            options = {};","            local.buildReadme(options, onError);","        };","","        local.testCase_buildTest_default = local.testCase_buildTest_default || function (","            options,","            onError","        ) {","        /*","         * this function will test buildTest's default handling-behavior","         */","            options = {};","            local.buildTest(options, onError);","        };","","        local.testCase_webpage_default = local.testCase_webpage_default || function (","            options,","            onError","        ) {","        /*","         * this function will test webpage's default handling-behavior","         */","            options = { modeCoverageMerge: true, url: local.serverLocalHost + '?modeTest=1' };","            local.browserTest(options, onError);","        };","","        // run test-server","        local.testRunServer(local);","        break;","    }","}());",""],"l":{"12":2,"14":2,"19":2,"21":2,"23":2,"24":2,"25":2,"30":1,"37":2,"40":2,"43":1,"47":1,"50":1,"52":1,"55":2,"61":2,"62":2,"64":2,"70":1,"76":1,"82":2,"83":2,"85":2,"91":1,"98":1,"102":1,"105":1,"112":1,"119":1,"120":1,"123":1,"130":1,"131":1,"132":1,"133":1,"134":1,"135":1,"138":1,"143":2,"144":2,"147":1,"154":2,"155":2,"158":1,"165":2,"166":2,"169":1,"176":2,"177":2,"180":1,"187":1,"188":1,"192":1,"193":1}},"/home/travis/build/npmtest/node-npmtest-griddle-react/lib.npmtest_griddle_react.js":{"path":"/home/travis/build/npmtest/node-npmtest-griddle-react/lib.npmtest_griddle_react.js","s":{"1":2,"2":2,"3":2,"4":2,"5":2,"6":2,"7":2,"8":1,"9":2,"10":2,"11":2,"12":2,"13":1,"14":1,"15":1,"16":1},"b":{"1":[2,1,1,1],"2":[1,1,1,1],"3":[1,1],"4":[2,2],"5":[1,1]},"f":{"1":2,"2":2,"3":2},"fnMap":{"1":{"name":"(anonymous_1)","line":12,"loc":{"start":{"line":12,"column":1},"end":{"line":12,"column":13}}},"2":{"name":"(anonymous_2)","line":19,"loc":{"start":{"line":19,"column":5},"end":{"line":19,"column":17}}},"3":{"name":"(anonymous_3)","line":23,"loc":{"start":{"line":23,"column":24},"end":{"line":23,"column":36}}}},"statementMap":{"1":{"start":{"line":12,"column":0},"end":{"line":53,"column":5}},"2":{"start":{"line":14,"column":4},"end":{"line":14,"column":14}},"3":{"start":{"line":19,"column":4},"end":{"line":52,"column":9}},"4":{"start":{"line":21,"column":8},"end":{"line":21,"column":19}},"5":{"start":{"line":23,"column":8},"end":{"line":35,"column":13}},"6":{"start":{"line":24,"column":12},"end":{"line":34,"column":13}},"7":{"start":{"line":25,"column":16},"end":{"line":28,"column":30}},"8":{"start":{"line":30,"column":16},"end":{"line":33,"column":27}},"9":{"start":{"line":37,"column":8},"end":{"line":39,"column":21}},"10":{"start":{"line":41,"column":8},"end":{"line":41,"column":54}},"11":{"start":{"line":43,"column":8},"end":{"line":43,"column":58}},"12":{"start":{"line":45,"column":8},"end":{"line":51,"column":9}},"13":{"start":{"line":46,"column":12},"end":{"line":46,"column":64}},"14":{"start":{"line":48,"column":12},"end":{"line":48,"column":35}},"15":{"start":{"line":49,"column":12},"end":{"line":49,"column":49}},"16":{"start":{"line":50,"column":12},"end":{"line":50,"column":43}}},"branchMap":{"1":{"line":25,"type":"binary-expr","locations":[{"start":{"line":25,"column":23},"end":{"line":25,"column":62}},{"start":{"line":26,"column":20},"end":{"line":26,"column":70}},{"start":{"line":27,"column":20},"end":{"line":27,"column":71}},{"start":{"line":28,"column":20},"end":{"line":28,"column":29}}]},"2":{"line":30,"type":"binary-expr","locations":[{"start":{"line":30,"column":23},"end":{"line":30,"column":37}},{"start":{"line":31,"column":20},"end":{"line":31,"column":61}},{"start":{"line":32,"column":20},"end":{"line":32,"column":70}},{"start":{"line":33,"column":20},"end":{"line":33,"column":26}}]},"3":{"line":37,"type":"cond-expr","locations":[{"start":{"line":38,"column":14},"end":{"line":38,"column":20}},{"start":{"line":39,"column":14},"end":{"line":39,"column":20}}]},"4":{"line":41,"type":"binary-expr","locations":[{"start":{"line":41,"column":16},"end":{"line":41,"column":44}},{"start":{"line":41,"column":48},"end":{"line":41,"column":53}}]},"5":{"line":45,"type":"if","locations":[{"start":{"line":45,"column":8},"end":{"line":45,"column":8}},{"start":{"line":45,"column":8},"end":{"line":45,"column":8}}]}},"code":["/* istanbul instrument in package npmtest_griddle_react */","/*jslint","    bitwise: true,","    browser: true,","    maxerr: 8,","    maxlen: 96,","    node: true,","    nomen: true,","    regexp: true,","    stupid: true","*/","(function () {","    'use strict';","    var local;","","","","    // run shared js-env code - pre-init","    (function () {","        // init local","        local = {};","        // init modeJs","        local.modeJs = (function () {","            try {","                return typeof navigator.userAgent === 'string' &&","                    typeof document.querySelector('body') === 'object' &&","                    typeof XMLHttpRequest.prototype.open === 'function' &&","                    'browser';","            } catch (errorCaughtBrowser) {","                return module.exports &&","                    typeof process.versions.node === 'string' &&","                    typeof require('http').createServer === 'function' &&","                    'node';","            }","        }());","        // init global","        local.global = local.modeJs === 'browser'","            ? window","            : global;","        // init utility2_rollup","        local = local.global.utility2_rollup || local;","        // init lib","        local.local = local.npmtest_griddle_react = local;","        // init exports","        if (local.modeJs === 'browser') {","            local.global.utility2_npmtest_griddle_react = local;","        } else {","            module.exports = local;","            module.exports.__dirname = __dirname;","            module.exports.module = module;","        }","    }());","}());",""],"l":{"12":2,"14":2,"19":2,"21":2,"23":2,"24":2,"25":2,"30":1,"37":2,"41":2,"43":2,"45":2,"46":1,"48":1,"49":1,"50":1}},"/home/travis/build/npmtest/node-npmtest-griddle-react/example.js":{"path":"/home/travis/build/npmtest/node-npmtest-griddle-react/example.js","s":{"1":2,"2":2,"3":2,"4":2,"5":2,"6":2,"7":2,"8":1,"9":2,"10":2,"11":2,"12":2,"13":1,"14":2,"15":2,"16":2,"17":2,"18":2,"19":0,"20":2,"21":1,"22":1,"23":1,"24":1,"25":1,"26":0,"27":0,"28":1,"29":1,"30":2,"31":0,"32":0,"33":0,"34":1,"35":2,"36":2,"37":3,"38":3,"39":3,"40":3,"41":0,"42":3,"43":3,"44":3,"45":1,"46":3,"47":1,"48":1,"49":1,"50":1,"51":1,"52":1,"53":1,"54":1,"55":1,"56":1,"57":0,"58":1,"59":6,"60":6,"61":1,"62":2,"63":0,"64":2,"65":1,"66":1,"67":0,"68":0,"69":0,"70":0,"71":0,"72":0,"73":0,"74":0,"75":0,"76":0,"77":0,"78":0,"79":0,"80":0,"81":0,"82":0,"83":0},"b":{"1":[2,1,1,1],"2":[1,1,1,1],"3":[1,1],"4":[2,2],"5":[1,1],"6":[1,1],"7":[2,0],"8":[2,1,1,1,1,1],"9":[0,2,0],"10":[1,1],"11":[2,1,1],"12":[1,0],"13":[0,2],"14":[2,0,0,0,0,0,0],"15":[0,3],"16":[3,0],"17":[1,1],"18":[0,1],"19":[1,2,0,2],"20":[1,0],"21":[1,1],"22":[0,0],"23":[0,0],"24":[0,0],"25":[0,0],"26":[0,0],"27":[0,0],"28":[0,0]},"f":{"1":2,"2":2,"3":2,"4":2,"5":2,"6":2,"7":3,"8":3,"9":3,"10":1,"11":6,"12":0},"fnMap":{"1":{"name":"(anonymous_1)","line":26,"loc":{"start":{"line":26,"column":1},"end":{"line":26,"column":13}}},"2":{"name":"(anonymous_2)","line":33,"loc":{"start":{"line":33,"column":5},"end":{"line":33,"column":17}}},"3":{"name":"(anonymous_3)","line":37,"loc":{"start":{"line":37,"column":24},"end":{"line":37,"column":36}}},"4":{"name":"(anonymous_4)","line":69,"loc":{"start":{"line":69,"column":31},"end":{"line":69,"column":48}},"skip":true},"5":{"name":"(anonymous_5)","line":78,"loc":{"start":{"line":78,"column":26},"end":{"line":78,"column":45}},"skip":true},"6":{"name":"(anonymous_6)","line":123,"loc":{"start":{"line":123,"column":33},"end":{"line":123,"column":48}},"skip":true},"7":{"name":"(anonymous_7)","line":125,"loc":{"start":{"line":125,"column":27},"end":{"line":125,"column":39}},"skip":true},"8":{"name":"(anonymous_8)","line":133,"loc":{"start":{"line":133,"column":59},"end":{"line":133,"column":74}},"skip":true},"9":{"name":"(anonymous_9)","line":143,"loc":{"start":{"line":143,"column":45},"end":{"line":143,"column":62}},"skip":true},"10":{"name":"(anonymous_10)","line":144,"loc":{"start":{"line":144,"column":73},"end":{"line":144,"column":92}},"skip":true},"11":{"name":"(anonymous_11)","line":272,"loc":{"start":{"line":272,"column":51},"end":{"line":272,"column":77}},"skip":true},"12":{"name":"(anonymous_12)","line":315,"loc":{"start":{"line":315,"column":32},"end":{"line":315,"column":61}},"skip":true}},"statementMap":{"1":{"start":{"line":26,"column":0},"end":{"line":326,"column":5}},"2":{"start":{"line":28,"column":4},"end":{"line":28,"column":14}},"3":{"start":{"line":33,"column":4},"end":{"line":60,"column":9}},"4":{"start":{"line":35,"column":8},"end":{"line":35,"column":19}},"5":{"start":{"line":37,"column":8},"end":{"line":49,"column":13}},"6":{"start":{"line":38,"column":12},"end":{"line":48,"column":13}},"7":{"start":{"line":39,"column":16},"end":{"line":42,"column":30}},"8":{"start":{"line":44,"column":16},"end":{"line":47,"column":27}},"9":{"start":{"line":51,"column":8},"end":{"line":53,"column":21}},"10":{"start":{"line":55,"column":8},"end":{"line":57,"column":45}},"11":{"start":{"line":59,"column":8},"end":{"line":59,"column":35}},"12":{"start":{"line":61,"column":4},"end":{"line":325,"column":5}},"13":{"start":{"line":69,"column":8},"end":{"line":121,"column":10},"skip":true},"14":{"start":{"line":70,"column":12},"end":{"line":88,"column":13},"skip":true},"15":{"start":{"line":76,"column":16},"end":{"line":87,"column":19},"skip":true},"16":{"start":{"line":79,"column":20},"end":{"line":86,"column":21},"skip":true},"17":{"start":{"line":82,"column":24},"end":{"line":82,"column":43},"skip":true},"18":{"start":{"line":83,"column":24},"end":{"line":83,"column":30},"skip":true},"19":{"start":{"line":85,"column":24},"end":{"line":85,"column":49},"skip":true},"20":{"start":{"line":89,"column":12},"end":{"line":107,"column":13},"skip":true},"21":{"start":{"line":92,"column":16},"end":{"line":102,"column":17},"skip":true},"22":{"start":{"line":93,"column":20},"end":{"line":93,"column":86},"skip":true},"23":{"start":{"line":94,"column":20},"end":{"line":95,"column":45},"skip":true},"24":{"start":{"line":96,"column":20},"end":{"line":96,"column":42},"skip":true},"25":{"start":{"line":97,"column":20},"end":{"line":97,"column":48},"skip":true},"26":{"start":{"line":100,"column":20},"end":{"line":100,"column":85},"skip":true},"27":{"start":{"line":101,"column":20},"end":{"line":101,"column":96},"skip":true},"28":{"start":{"line":103,"column":16},"end":{"line":103,"column":22},"skip":true},"29":{"start":{"line":106,"column":16},"end":{"line":106,"column":22},"skip":true},"30":{"start":{"line":108,"column":12},"end":{"line":120,"column":13},"skip":true},"31":{"start":{"line":114,"column":16},"end":{"line":119,"column":17},"skip":true},"32":{"start":{"line":116,"column":20},"end":{"line":116,"column":78},"skip":true},"33":{"start":{"line":118,"column":20},"end":{"line":118,"column":47},"skip":true},"34":{"start":{"line":123,"column":8},"end":{"line":141,"column":11},"skip":true},"35":{"start":{"line":124,"column":12},"end":{"line":124,"column":54},"skip":true},"36":{"start":{"line":125,"column":12},"end":{"line":140,"column":14},"skip":true},"37":{"start":{"line":126,"column":16},"end":{"line":126,"column":28},"skip":true},"38":{"start":{"line":127,"column":16},"end":{"line":127,"column":69},"skip":true},"39":{"start":{"line":128,"column":16},"end":{"line":128,"column":75},"skip":true},"40":{"start":{"line":129,"column":16},"end":{"line":131,"column":17},"skip":true},"41":{"start":{"line":130,"column":20},"end":{"line":130,"column":27},"skip":true},"42":{"start":{"line":133,"column":16},"end":{"line":137,"column":36},"skip":true},"43":{"start":{"line":134,"column":20},"end":{"line":136,"column":55},"skip":true},"44":{"start":{"line":139,"column":16},"end":{"line":139,"column":57},"skip":true},"45":{"start":{"line":143,"column":8},"end":{"line":147,"column":11},"skip":true},"46":{"start":{"line":144,"column":12},"end":{"line":146,"column":15},"skip":true},"47":{"start":{"line":145,"column":16},"end":{"line":145,"column":70},"skip":true},"48":{"start":{"line":149,"column":8},"end":{"line":149,"column":31},"skip":true},"49":{"start":{"line":150,"column":8},"end":{"line":150,"column":14},"skip":true},"50":{"start":{"line":158,"column":8},"end":{"line":158,"column":31},"skip":true},"51":{"start":{"line":160,"column":8},"end":{"line":160,"column":33},"skip":true},"52":{"start":{"line":161,"column":8},"end":{"line":161,"column":37},"skip":true},"53":{"start":{"line":162,"column":8},"end":{"line":162,"column":35},"skip":true},"54":{"start":{"line":164,"column":8},"end":{"line":164,"column":50},"skip":true},"55":{"start":{"line":166,"column":8},"end":{"line":256,"column":2},"skip":true},"56":{"start":{"line":258,"column":8},"end":{"line":286,"column":9},"skip":true},"57":{"start":{"line":259,"column":12},"end":{"line":269,"column":14},"skip":true},"58":{"start":{"line":271,"column":12},"end":{"line":285,"column":19},"skip":true},"59":{"start":{"line":274,"column":20},"end":{"line":274,"column":35},"skip":true},"60":{"start":{"line":275,"column":20},"end":{"line":284,"column":21},"skip":true},"61":{"start":{"line":277,"column":24},"end":{"line":277,"column":64},"skip":true},"62":{"start":{"line":279,"column":24},"end":{"line":279,"column":40},"skip":true},"63":{"start":{"line":281,"column":24},"end":{"line":281,"column":40},"skip":true},"64":{"start":{"line":283,"column":24},"end":{"line":283,"column":39},"skip":true},"65":{"start":{"line":288,"column":8},"end":{"line":290,"column":9},"skip":true},"66":{"start":{"line":289,"column":12},"end":{"line":289,"column":18},"skip":true},"67":{"start":{"line":291,"column":8},"end":{"line":293,"column":54},"skip":true},"68":{"start":{"line":296,"column":8},"end":{"line":301,"column":37},"skip":true},"69":{"start":{"line":303,"column":8},"end":{"line":303,"column":82},"skip":true},"70":{"start":{"line":306,"column":8},"end":{"line":308,"column":9},"skip":true},"71":{"start":{"line":307,"column":12},"end":{"line":307,"column":82},"skip":true},"72":{"start":{"line":310,"column":8},"end":{"line":312,"column":9},"skip":true},"73":{"start":{"line":311,"column":12},"end":{"line":311,"column":18},"skip":true},"74":{"start":{"line":313,"column":8},"end":{"line":313,"column":54},"skip":true},"75":{"start":{"line":314,"column":8},"end":{"line":314,"column":69},"skip":true},"76":{"start":{"line":315,"column":8},"end":{"line":323,"column":36},"skip":true},"77":{"start":{"line":316,"column":12},"end":{"line":316,"column":61},"skip":true},"78":{"start":{"line":317,"column":12},"end":{"line":320,"column":13},"skip":true},"79":{"start":{"line":318,"column":16},"end":{"line":318,"column":75},"skip":true},"80":{"start":{"line":319,"column":16},"end":{"line":319,"column":23},"skip":true},"81":{"start":{"line":321,"column":12},"end":{"line":321,"column":38},"skip":true},"82":{"start":{"line":322,"column":12},"end":{"line":322,"column":27},"skip":true},"83":{"start":{"line":324,"column":8},"end":{"line":324,"column":14},"skip":true}},"branchMap":{"1":{"line":39,"type":"binary-expr","locations":[{"start":{"line":39,"column":23},"end":{"line":39,"column":62}},{"start":{"line":40,"column":20},"end":{"line":40,"column":70}},{"start":{"line":41,"column":20},"end":{"line":41,"column":71}},{"start":{"line":42,"column":20},"end":{"line":42,"column":29}}]},"2":{"line":44,"type":"binary-expr","locations":[{"start":{"line":44,"column":23},"end":{"line":44,"column":37}},{"start":{"line":45,"column":20},"end":{"line":45,"column":61}},{"start":{"line":46,"column":20},"end":{"line":46,"column":70}},{"start":{"line":47,"column":20},"end":{"line":47,"column":26}}]},"3":{"line":51,"type":"cond-expr","locations":[{"start":{"line":52,"column":14},"end":{"line":52,"column":20}},{"start":{"line":53,"column":14},"end":{"line":53,"column":20}}]},"4":{"line":55,"type":"binary-expr","locations":[{"start":{"line":55,"column":16},"end":{"line":55,"column":44}},{"start":{"line":55,"column":49},"end":{"line":57,"column":43}}]},"5":{"line":55,"type":"cond-expr","locations":[{"start":{"line":56,"column":14},"end":{"line":56,"column":57}},{"start":{"line":57,"column":14},"end":{"line":57,"column":43}}]},"6":{"line":61,"type":"switch","locations":[{"start":{"line":68,"column":4},"end":{"line":150,"column":14},"skip":true},{"start":{"line":156,"column":4},"end":{"line":324,"column":14},"skip":true}]},"7":{"line":70,"type":"if","locations":[{"start":{"line":70,"column":12},"end":{"line":70,"column":12},"skip":true},{"start":{"line":70,"column":12},"end":{"line":70,"column":12},"skip":true}]},"8":{"line":70,"type":"binary-expr","locations":[{"start":{"line":70,"column":16},"end":{"line":70,"column":22},"skip":true},{"start":{"line":70,"column":27},"end":{"line":70,"column":32},"skip":true},{"start":{"line":71,"column":20},"end":{"line":71,"column":39},"skip":true},{"start":{"line":72,"column":20},"end":{"line":72,"column":49},"skip":true},{"start":{"line":73,"column":20},"end":{"line":73,"column":58},"skip":true},{"start":{"line":74,"column":20},"end":{"line":74,"column":69},"skip":true}]},"9":{"line":79,"type":"switch","locations":[{"start":{"line":80,"column":20},"end":{"line":80,"column":33},"skip":true},{"start":{"line":81,"column":20},"end":{"line":83,"column":30},"skip":true},{"start":{"line":84,"column":20},"end":{"line":85,"column":49},"skip":true}]},"10":{"line":89,"type":"switch","locations":[{"start":{"line":90,"column":12},"end":{"line":103,"column":22},"skip":true},{"start":{"line":105,"column":12},"end":{"line":106,"column":22},"skip":true}]},"11":{"line":89,"type":"binary-expr","locations":[{"start":{"line":89,"column":20},"end":{"line":89,"column":25},"skip":true},{"start":{"line":89,"column":29},"end":{"line":89,"column":48},"skip":true},{"start":{"line":89,"column":52},"end":{"line":89,"column":74},"skip":true}]},"12":{"line":92,"type":"if","locations":[{"start":{"line":92,"column":16},"end":{"line":92,"column":16},"skip":true},{"start":{"line":92,"column":16},"end":{"line":92,"column":16},"skip":true}]},"13":{"line":108,"type":"if","locations":[{"start":{"line":108,"column":12},"end":{"line":108,"column":12},"skip":true},{"start":{"line":108,"column":12},"end":{"line":108,"column":12},"skip":true}]},"14":{"line":108,"type":"binary-expr","locations":[{"start":{"line":108,"column":16},"end":{"line":108,"column":61},"skip":true},{"start":{"line":108,"column":66},"end":{"line":108,"column":72},"skip":true},{"start":{"line":108,"column":77},"end":{"line":108,"column":82},"skip":true},{"start":{"line":109,"column":20},"end":{"line":109,"column":39},"skip":true},{"start":{"line":110,"column":20},"end":{"line":110,"column":49},"skip":true},{"start":{"line":111,"column":20},"end":{"line":111,"column":58},"skip":true},{"start":{"line":112,"column":20},"end":{"line":112,"column":68},"skip":true}]},"15":{"line":129,"type":"if","locations":[{"start":{"line":129,"column":16},"end":{"line":129,"column":16},"skip":true},{"start":{"line":129,"column":16},"end":{"line":129,"column":16},"skip":true}]},"16":{"line":134,"type":"cond-expr","locations":[{"start":{"line":135,"column":26},"end":{"line":135,"column":29},"skip":true},{"start":{"line":136,"column":26},"end":{"line":136,"column":54},"skip":true}]},"17":{"line":164,"type":"binary-expr","locations":[{"start":{"line":164,"column":27},"end":{"line":164,"column":43},"skip":true},{"start":{"line":164,"column":47},"end":{"line":164,"column":49},"skip":true}]},"18":{"line":258,"type":"if","locations":[{"start":{"line":258,"column":8},"end":{"line":258,"column":8},"skip":true},{"start":{"line":258,"column":8},"end":{"line":258,"column":8},"skip":true}]},"19":{"line":275,"type":"switch","locations":[{"start":{"line":276,"column":20},"end":{"line":277,"column":64},"skip":true},{"start":{"line":278,"column":20},"end":{"line":279,"column":40},"skip":true},{"start":{"line":280,"column":20},"end":{"line":281,"column":40},"skip":true},{"start":{"line":282,"column":20},"end":{"line":283,"column":39},"skip":true}]},"20":{"line":288,"type":"if","locations":[{"start":{"line":288,"column":8},"end":{"line":288,"column":8},"skip":true},{"start":{"line":288,"column":8},"end":{"line":288,"column":8},"skip":true}]},"21":{"line":288,"type":"binary-expr","locations":[{"start":{"line":288,"column":12},"end":{"line":288,"column":40},"skip":true},{"start":{"line":288,"column":44},"end":{"line":288,"column":67},"skip":true}]},"22":{"line":292,"type":"binary-expr","locations":[{"start":{"line":292,"column":12},"end":{"line":292,"column":50},"skip":true},{"start":{"line":293,"column":12},"end":{"line":293,"column":53},"skip":true}]},"23":{"line":297,"type":"binary-expr","locations":[{"start":{"line":297,"column":12},"end":{"line":297,"column":71},"skip":true},{"start":{"line":298,"column":12},"end":{"line":301,"column":36},"skip":true}]},"24":{"line":303,"type":"binary-expr","locations":[{"start":{"line":303,"column":43},"end":{"line":303,"column":75},"skip":true},{"start":{"line":303,"column":79},"end":{"line":303,"column":81},"skip":true}]},"25":{"line":306,"type":"if","locations":[{"start":{"line":306,"column":8},"end":{"line":306,"column":8},"skip":true},{"start":{"line":306,"column":8},"end":{"line":306,"column":8},"skip":true}]},"26":{"line":310,"type":"if","locations":[{"start":{"line":310,"column":8},"end":{"line":310,"column":8},"skip":true},{"start":{"line":310,"column":8},"end":{"line":310,"column":8},"skip":true}]},"27":{"line":313,"type":"binary-expr","locations":[{"start":{"line":313,"column":27},"end":{"line":313,"column":43},"skip":true},{"start":{"line":313,"column":47},"end":{"line":313,"column":53},"skip":true}]},"28":{"line":317,"type":"if","locations":[{"start":{"line":317,"column":12},"end":{"line":317,"column":12},"skip":true},{"start":{"line":317,"column":12},"end":{"line":317,"column":12},"skip":true}]}},"code":["/*","example.js","","quickstart example","","instruction","    1. save this script as example.js","    2. run the shell command:","        $ npm install npmtest-griddle-react && PORT=8081 node example.js","    3. play with the browser-demo on http://127.0.0.1:8081","*/","","","","/* istanbul instrument in package npmtest_griddle_react */","/*jslint","    bitwise: true,","    browser: true,","    maxerr: 8,","    maxlen: 96,","    node: true,","    nomen: true,","    regexp: true,","    stupid: true","*/","(function () {","    'use strict';","    var local;","","","","    // run shared js-env code - pre-init","    (function () {","        // init local","        local = {};","        // init modeJs","        local.modeJs = (function () {","            try {","                return typeof navigator.userAgent === 'string' &&","                    typeof document.querySelector('body') === 'object' &&","                    typeof XMLHttpRequest.prototype.open === 'function' &&","                    'browser';","            } catch (errorCaughtBrowser) {","                return module.exports &&","                    typeof process.versions.node === 'string' &&","                    typeof require('http').createServer === 'function' &&","                    'node';","            }","        }());","        // init global","        local.global = local.modeJs === 'browser'","            ? window","            : global;","        // init utility2_rollup","        local = local.global.utility2_rollup || (local.modeJs === 'browser'","            ? local.global.utility2_npmtest_griddle_react","            : global.utility2_moduleExports);","        // export local","        local.global.local = local;","    }());","    switch (local.modeJs) {","","","","    // post-init","    // run browser js-env code - post-init","    /* istanbul ignore next */","    case 'browser':","        local.testRunBrowser = function (event) {","            if (!event || (event &&","                    event.currentTarget &&","                    event.currentTarget.className &&","                    event.currentTarget.className.includes &&","                    event.currentTarget.className.includes('onreset'))) {","                // reset output","                Array.from(","                    document.querySelectorAll('body > .resettable')","                ).forEach(function (element) {","                    switch (element.tagName) {","                    case 'INPUT':","                    case 'TEXTAREA':","                        element.value = '';","                        break;","                    default:","                        element.textContent = '';","                    }","                });","            }","            switch (event && event.currentTarget && event.currentTarget.id) {","            case 'testRunButton1':","                // show tests","                if (document.querySelector('#testReportDiv1').style.display === 'none') {","                    document.querySelector('#testReportDiv1').style.display = 'block';","                    document.querySelector('#testRunButton1').textContent =","                        'hide internal test';","                    local.modeTest = true;","                    local.testRunDefault(local);","                // hide tests","                } else {","                    document.querySelector('#testReportDiv1').style.display = 'none';","                    document.querySelector('#testRunButton1').textContent = 'run internal test';","                }","                break;","            // custom-case","            default:","                break;","            }","            if (document.querySelector('#inputTextareaEval1') && (!event || (event &&","                    event.currentTarget &&","                    event.currentTarget.className &&","                    event.currentTarget.className.includes &&","                    event.currentTarget.className.includes('oneval')))) {","                // try to eval input-code","                try {","                    /*jslint evil: true*/","                    eval(document.querySelector('#inputTextareaEval1').value);","                } catch (errorCaught) {","                    console.error(errorCaught);","                }","            }","        };","        // log stderr and stdout to #outputTextareaStdout1","        ['error', 'log'].forEach(function (key) {","            console[key + '_original'] = console[key];","            console[key] = function () {","                var element;","                console[key + '_original'].apply(console, arguments);","                element = document.querySelector('#outputTextareaStdout1');","                if (!element) {","                    return;","                }","                // append text to #outputTextareaStdout1","                element.value += Array.from(arguments).map(function (arg) {","                    return typeof arg === 'string'","                        ? arg","                        : JSON.stringify(arg, null, 4);","                }).join(' ') + '\\n';","                // scroll textarea to bottom","                element.scrollTop = element.scrollHeight;","            };","        });","        // init event-handling","        ['change', 'click', 'keyup'].forEach(function (event) {","            Array.from(document.querySelectorAll('.on' + event)).forEach(function (element) {","                element.addEventListener(event, local.testRunBrowser);","            });","        });","        // run tests","        local.testRunBrowser();","        break;","","","","    // run node js-env code - post-init","    /* istanbul ignore next */","    case 'node':","        // export local","        module.exports = local;","        // require modules","        local.fs = require('fs');","        local.http = require('http');","        local.url = require('url');","        // init assets","        local.assetsDict = local.assetsDict || {};","        /* jslint-ignore-begin */","        local.assetsDict['/assets.index.template.html'] = '\\","<!doctype html>\\n\\","<html lang=\"en\">\\n\\","<head>\\n\\","<meta charset=\"UTF-8\">\\n\\","<meta name=\"viewport\" content=\"width=device-width, initial-scale=1\">\\n\\","<title>{{env.npm_package_name}} (v{{env.npm_package_version}})</title>\\n\\","<style>\\n\\","/*csslint\\n\\","    box-sizing: false,\\n\\","    universal-selector: false\\n\\","*/\\n\\","* {\\n\\","    box-sizing: border-box;\\n\\","}\\n\\","body {\\n\\","    background: #dde;\\n\\","    font-family: Arial, Helvetica, sans-serif;\\n\\","    margin: 2rem;\\n\\","}\\n\\","body > * {\\n\\","    margin-bottom: 1rem;\\n\\","}\\n\\",".utility2FooterDiv {\\n\\","    margin-top: 20px;\\n\\","    text-align: center;\\n\\","}\\n\\","</style>\\n\\","<style>\\n\\","/*csslint\\n\\","*/\\n\\","textarea {\\n\\","    font-family: monospace;\\n\\","    height: 10rem;\\n\\","    width: 100%;\\n\\","}\\n\\","textarea[readonly] {\\n\\","    background: #ddd;\\n\\","}\\n\\","</style>\\n\\","</head>\\n\\","<body>\\n\\","<!-- utility2-comment\\n\\","<div id=\"ajaxProgressDiv1\" style=\"background: #d00; height: 2px; left: 0; margin: 0; padding: 0; position: fixed; top: 0; transition: background 0.5s, width 1.5s; width: 25%;\"></div>\\n\\","utility2-comment -->\\n\\","<h1>\\n\\","<!-- utility2-comment\\n\\","    <a\\n\\","        {{#if env.npm_package_homepage}}\\n\\","        href=\"{{env.npm_package_homepage}}\"\\n\\","        {{/if env.npm_package_homepage}}\\n\\","        target=\"_blank\"\\n\\","    >\\n\\","utility2-comment -->\\n\\","        {{env.npm_package_name}} (v{{env.npm_package_version}})\\n\\","<!-- utility2-comment\\n\\","    </a>\\n\\","utility2-comment -->\\n\\","</h1>\\n\\","<h3>{{env.npm_package_description}}</h3>\\n\\","<!-- utility2-comment\\n\\","<h4><a download href=\"assets.app.js\">download standalone app</a></h4>\\n\\","<button class=\"onclick onreset\" id=\"testRunButton1\">run internal test</button><br>\\n\\","<div id=\"testReportDiv1\" style=\"display: none;\"></div>\\n\\","utility2-comment -->\\n\\","\\n\\","\\n\\","\\n\\","<label>stderr and stdout</label>\\n\\","<textarea class=\"resettable\" id=\"outputTextareaStdout1\" readonly></textarea>\\n\\","<!-- utility2-comment\\n\\","{{#if isRollup}}\\n\\","<script src=\"assets.app.js\"></script>\\n\\","{{#unless isRollup}}\\n\\","utility2-comment -->\\n\\","<script src=\"assets.utility2.rollup.js\"></script>\\n\\","<script src=\"jsonp.utility2._stateInit?callback=window.utility2._stateInit\"></script>\\n\\","<script src=\"assets.npmtest_griddle_react.rollup.js\"></script>\\n\\","<script src=\"assets.example.js\"></script>\\n\\","<script src=\"assets.test.js\"></script>\\n\\","<!-- utility2-comment\\n\\","{{/if isRollup}}\\n\\","utility2-comment -->\\n\\","<div class=\"utility2FooterDiv\">\\n\\","    [ this app was created with\\n\\","    <a href=\"https://github.com/kaizhu256/node-utility2\" target=\"_blank\">utility2</a>\\n\\","    ]\\n\\","</div>\\n\\","</body>\\n\\","</html>\\n\\","';","        /* jslint-ignore-end */","        if (local.templateRender) {","            local.assetsDict['/'] = local.templateRender(","                local.assetsDict['/assets.index.template.html'],","                {","                    env: local.objectSetDefault(local.env, {","                        npm_package_description: 'the greatest app in the world!',","                        npm_package_name: 'my-app',","                        npm_package_nameAlias: 'my_app',","                        npm_package_version: '0.0.1'","                    })","                }","            );","        } else {","            local.assetsDict['/'] = local.assetsDict['/assets.index.template.html']","                .replace((/\\{\\{env\\.(\\w+?)\\}\\}/g), function (match0, match1) {","                    // jslint-hack","                    String(match0);","                    switch (match1) {","                    case 'npm_package_description':","                        return 'the greatest app in the world!';","                    case 'npm_package_name':","                        return 'my-app';","                    case 'npm_package_nameAlias':","                        return 'my_app';","                    case 'npm_package_version':","                        return '0.0.1';","                    }","                });","        }","        // run the cli","        if (local.global.utility2_rollup || module !== require.main) {","            break;","        }","        local.assetsDict['/assets.example.js'] =","            local.assetsDict['/assets.example.js'] ||","            local.fs.readFileSync(__filename, 'utf8');","        // bug-workaround - long $npm_package_buildCustomOrg","        /* jslint-ignore-begin */","        local.assetsDict['/assets.npmtest_griddle_react.rollup.js'] =","            local.assetsDict['/assets.npmtest_griddle_react.rollup.js'] ||","            local.fs.readFileSync(","                local.npmtest_griddle_react.__dirname + '/lib.npmtest_griddle_react.js',","                'utf8'","            ).replace((/^#!/), '//');","        /* jslint-ignore-end */","        local.assetsDict['/favicon.ico'] = local.assetsDict['/favicon.ico'] || '';","        // if $npm_config_timeout_exit exists,","        // then exit this process after $npm_config_timeout_exit ms","        if (Number(process.env.npm_config_timeout_exit)) {","            setTimeout(process.exit, Number(process.env.npm_config_timeout_exit));","        }","        // start server","        if (local.global.utility2_serverHttp1) {","            break;","        }","        process.env.PORT = process.env.PORT || '8081';","        console.error('server starting on port ' + process.env.PORT);","        local.http.createServer(function (request, response) {","            request.urlParsed = local.url.parse(request.url);","            if (local.assetsDict[request.urlParsed.pathname] !== undefined) {","                response.end(local.assetsDict[request.urlParsed.pathname]);","                return;","            }","            response.statusCode = 404;","            response.end();","        }).listen(process.env.PORT);","        break;","    }","}());",""],"l":{"26":2,"28":2,"33":2,"35":2,"37":2,"38":2,"39":2,"44":1,"51":2,"55":2,"59":2,"61":2,"69":1,"70":2,"76":2,"79":2,"82":2,"83":2,"85":1,"89":2,"92":1,"93":1,"94":1,"96":1,"97":1,"100":1,"101":1,"103":1,"106":1,"108":2,"114":1,"116":1,"118":1,"123":1,"124":2,"125":2,"126":3,"127":3,"128":3,"129":3,"130":1,"133":3,"134":3,"139":3,"143":1,"144":3,"145":1,"149":1,"150":1,"158":1,"160":1,"161":1,"162":1,"164":1,"166":1,"258":1,"259":1,"271":1,"274":6,"275":6,"277":1,"279":2,"281":1,"283":2,"288":1,"289":1,"291":1,"296":1,"303":1,"306":1,"307":1,"310":1,"311":1,"313":1,"314":1,"315":1,"316":1,"317":1,"318":1,"319":1,"321":1,"322":1,"324":1}},"/home/travis/build/npmtest/node-npmtest-griddle-react/node_modules/griddle-react/dist/module/module.js":{"path":"/home/travis/build/npmtest/node-npmtest-griddle-react/node_modules/griddle-react/dist/module/module.js","s":{"1":1,"2":1,"3":1,"4":1,"5":1,"6":1,"7":1,"8":1,"9":1,"10":1,"11":1,"12":1,"13":1,"14":1,"15":1,"16":1,"17":1,"18":1,"19":1,"20":1,"21":1,"22":3,"23":3,"24":0,"25":0,"26":0,"27":0,"28":0,"29":0,"30":0,"31":1,"32":6,"33":1,"34":1,"35":1,"36":1,"37":1,"38":1,"39":1,"40":1,"41":1,"42":1,"43":1,"44":1,"45":1},"b":{"1":[3,0],"2":[3,3],"3":[0,0],"4":[0,0],"5":[6,0],"6":[6,6]},"f":{"1":3,"2":6},"fnMap":{"1":{"name":"_interopRequireWildcard","line":44,"loc":{"start":{"line":44,"column":0},"end":{"line":44,"column":38}}},"2":{"name":"_interopRequireDefault","line":46,"loc":{"start":{"line":46,"column":0},"end":{"line":46,"column":37}}}},"statementMap":{"1":{"start":{"line":3,"column":0},"end":{"line":5,"column":3}},"2":{"start":{"line":6,"column":0},"end":{"line":6,"column":209}},"3":{"start":{"line":8,"column":0},"end":{"line":8,"column":32}},"4":{"start":{"line":10,"column":0},"end":{"line":10,"column":45}},"5":{"start":{"line":12,"column":0},"end":{"line":12,"column":36}},"6":{"start":{"line":14,"column":0},"end":{"line":14,"column":48}},"7":{"start":{"line":16,"column":0},"end":{"line":16,"column":42}},"8":{"start":{"line":18,"column":0},"end":{"line":18,"column":55}},"9":{"start":{"line":20,"column":0},"end":{"line":20,"column":40}},"10":{"start":{"line":22,"column":0},"end":{"line":22,"column":52}},"11":{"start":{"line":24,"column":0},"end":{"line":24,"column":58}},"12":{"start":{"line":26,"column":0},"end":{"line":26,"column":56}},"13":{"start":{"line":28,"column":0},"end":{"line":28,"column":70}},"14":{"start":{"line":30,"column":0},"end":{"line":30,"column":83}},"15":{"start":{"line":32,"column":0},"end":{"line":32,"column":32}},"16":{"start":{"line":34,"column":0},"end":{"line":34,"column":45}},"17":{"start":{"line":36,"column":0},"end":{"line":36,"column":40}},"18":{"start":{"line":38,"column":0},"end":{"line":38,"column":45}},"19":{"start":{"line":40,"column":0},"end":{"line":40,"column":46}},"20":{"start":{"line":42,"column":0},"end":{"line":42,"column":51}},"21":{"start":{"line":44,"column":0},"end":{"line":44,"column":269}},"22":{"start":{"line":44,"column":40},"end":{"line":44,"column":267}},"23":{"start":{"line":44,"column":69},"end":{"line":44,"column":80}},"24":{"start":{"line":44,"column":90},"end":{"line":44,"column":106}},"25":{"start":{"line":44,"column":107},"end":{"line":44,"column":228}},"26":{"start":{"line":44,"column":126},"end":{"line":44,"column":226}},"27":{"start":{"line":44,"column":149},"end":{"line":44,"column":224}},"28":{"start":{"line":44,"column":201},"end":{"line":44,"column":224}},"29":{"start":{"line":44,"column":229},"end":{"line":44,"column":250}},"30":{"start":{"line":44,"column":251},"end":{"line":44,"column":265}},"31":{"start":{"line":46,"column":0},"end":{"line":46,"column":95}},"32":{"start":{"line":46,"column":39},"end":{"line":46,"column":93}},"33":{"start":{"line":48,"column":0},"end":{"line":51,"column":2}},"34":{"start":{"line":53,"column":0},"end":{"line":53,"column":61}},"35":{"start":{"line":54,"column":0},"end":{"line":54,"column":55}},"36":{"start":{"line":56,"column":0},"end":{"line":56,"column":34}},"37":{"start":{"line":57,"column":0},"end":{"line":57,"column":26}},"38":{"start":{"line":58,"column":0},"end":{"line":58,"column":42}},"39":{"start":{"line":59,"column":0},"end":{"line":59,"column":30}},"40":{"start":{"line":60,"column":0},"end":{"line":60,"column":30}},"41":{"start":{"line":61,"column":0},"end":{"line":61,"column":70}},"42":{"start":{"line":62,"column":0},"end":{"line":62,"column":32}},"43":{"start":{"line":63,"column":0},"end":{"line":63,"column":26}},"44":{"start":{"line":64,"column":0},"end":{"line":64,"column":44}},"45":{"start":{"line":65,"column":0},"end":{"line":65,"column":38}}},"branchMap":{"1":{"line":44,"type":"if","locations":[{"start":{"line":44,"column":40},"end":{"line":44,"column":40}},{"start":{"line":44,"column":40},"end":{"line":44,"column":40}}]},"2":{"line":44,"type":"binary-expr","locations":[{"start":{"line":44,"column":44},"end":{"line":44,"column":47}},{"start":{"line":44,"column":51},"end":{"line":44,"column":65}}]},"3":{"line":44,"type":"if","locations":[{"start":{"line":44,"column":107},"end":{"line":44,"column":107}},{"start":{"line":44,"column":107},"end":{"line":44,"column":107}}]},"4":{"line":44,"type":"if","locations":[{"start":{"line":44,"column":149},"end":{"line":44,"column":149}},{"start":{"line":44,"column":149},"end":{"line":44,"column":149}}]},"5":{"line":46,"type":"cond-expr","locations":[{"start":{"line":46,"column":70},"end":{"line":46,"column":73}},{"start":{"line":46,"column":76},"end":{"line":46,"column":92}}]},"6":{"line":46,"type":"binary-expr","locations":[{"start":{"line":46,"column":46},"end":{"line":46,"column":49}},{"start":{"line":46,"column":53},"end":{"line":46,"column":67}}]}},"code":["'use strict';","","Object.defineProperty(exports, \"__esModule\", {","  value: true","});","exports.RowDefinition = exports.ColumnDefinition = exports.plugins = exports.utils = exports.settingsComponentObjects = exports.selectors = exports.constants = exports.components = exports.actions = undefined;","","var _index = require('./index');","","var _index2 = _interopRequireDefault(_index);","","var _actions = require('./actions');","","var actions = _interopRequireWildcard(_actions);","","var _components = require('./components');","","var _components2 = _interopRequireDefault(_components);","","var _constants = require('./constants');","","var constants = _interopRequireWildcard(_constants);","","var _dataSelectors = require('./selectors/dataSelectors');","","var selectors = _interopRequireWildcard(_dataSelectors);","","var _settingsComponentObjects = require('./settingsComponentObjects');","","var _settingsComponentObjects2 = _interopRequireDefault(_settingsComponentObjects);","","var _utils = require('./utils');","","var _utils2 = _interopRequireDefault(_utils);","","var _local = require('./plugins/local');","","var _local2 = _interopRequireDefault(_local);","","var _position = require('./plugins/position');","","var _position2 = _interopRequireDefault(_position);","","function _interopRequireWildcard(obj) { if (obj && obj.__esModule) { return obj; } else { var newObj = {}; if (obj != null) { for (var key in obj) { if (Object.prototype.hasOwnProperty.call(obj, key)) newObj[key] = obj[key]; } } newObj.default = obj; return newObj; } }","","function _interopRequireDefault(obj) { return obj && obj.__esModule ? obj : { default: obj }; }","","var plugins = {","  LocalPlugin: _local2.default,","  PositionPlugin: _position2.default","};","","var ColumnDefinition = _components2.default.ColumnDefinition;","var RowDefinition = _components2.default.RowDefinition;","","exports.default = _index2.default;","exports.actions = actions;","exports.components = _components2.default;","exports.constants = constants;","exports.selectors = selectors;","exports.settingsComponentObjects = _settingsComponentObjects2.default;","exports.utils = _utils2.default;","exports.plugins = plugins;","exports.ColumnDefinition = ColumnDefinition;","exports.RowDefinition = RowDefinition;"],"l":{"3":1,"6":1,"8":1,"10":1,"12":1,"14":1,"16":1,"18":1,"20":1,"22":1,"24":1,"26":1,"28":1,"30":1,"32":1,"34":1,"36":1,"38":1,"40":1,"42":1,"44":3,"46":6,"48":1,"53":1,"54":1,"56":1,"57":1,"58":1,"59":1,"60":1,"61":1,"62":1,"63":1,"64":1,"65":1}},"/home/travis/build/npmtest/node-npmtest-griddle-react/node_modules/griddle-react/dist/module/index.js":{"path":"/home/travis/build/npmtest/node-npmtest-griddle-react/node_modules/griddle-react/dist/module/index.js","s":{"1":1,"2":1,"3":1,"4":1,"5":3,"6":3,"7":3,"8":3,"9":3,"10":3,"11":1,"12":1,"13":1,"14":1,"15":0,"16":1,"17":1,"18":0,"19":0,"20":0,"21":0,"22":0,"23":0,"24":1,"25":1,"26":1,"27":1,"28":1,"29":1,"30":1,"31":1,"32":1,"33":1,"34":1,"35":1,"36":1,"37":1,"38":1,"39":1,"40":1,"41":1,"42":1,"43":1,"44":1,"45":1,"46":1,"47":3,"48":3,"49":0,"50":0,"51":0,"52":0,"53":0,"54":0,"55":0,"56":1,"57":5,"58":1,"59":0,"60":0,"61":0,"62":0,"63":0,"64":1,"65":0,"66":0,"67":1,"68":0,"69":0,"70":0,"71":1,"72":1,"73":0,"74":1,"75":1,"76":1,"77":1,"78":1,"79":1,"80":1,"81":1,"82":0,"83":0,"84":0,"85":0,"86":0,"87":0,"88":0,"89":0,"90":0,"91":0,"92":0,"93":0,"94":0,"95":0,"96":0,"97":0,"98":0,"99":0,"100":0,"101":0,"102":0,"103":0,"104":0,"105":1,"106":0,"107":0,"108":0,"109":0,"110":1,"111":1,"112":1},"b":{"1":[3,3],"2":[3,0],"3":[1,0],"4":[0,1],"5":[1,0],"6":[0,0],"7":[3,0],"8":[3,3],"9":[0,0],"10":[0,0],"11":[2,3],"12":[5,5],"13":[0,0],"14":[0,0],"15":[0,0],"16":[0,0],"17":[0,0,0],"18":[0,1],"19":[1,0],"20":[1,1],"21":[1,0],"22":[1,0],"23":[0,0],"24":[0,0],"25":[0,0],"26":[0,0],"27":[0,0],"28":[0,0],"29":[0,0]},"f":{"1":1,"2":1,"3":1,"4":0,"5":3,"6":5,"7":0,"8":0,"9":0,"10":1,"11":1,"12":0,"13":0,"14":0,"15":0,"16":0,"17":0,"18":0,"19":0,"20":0,"21":0,"22":0},"fnMap":{"1":{"name":"(anonymous_1)","line":7,"loc":{"start":{"line":7,"column":19},"end":{"line":7,"column":31}}},"2":{"name":"defineProperties","line":7,"loc":{"start":{"line":7,"column":33},"end":{"line":7,"column":74}}},"3":{"name":"(anonymous_3)","line":7,"loc":{"start":{"line":7,"column":357},"end":{"line":7,"column":405}}},"4":{"name":"(anonymous_4)","line":9,"loc":{"start":{"line":9,"column":32},"end":{"line":9,"column":50}}},"5":{"name":"_interopRequireWildcard","line":55,"loc":{"start":{"line":55,"column":0},"end":{"line":55,"column":38}}},"6":{"name":"_interopRequireDefault","line":57,"loc":{"start":{"line":57,"column":0},"end":{"line":57,"column":37}}},"7":{"name":"_toConsumableArray","line":59,"loc":{"start":{"line":59,"column":0},"end":{"line":59,"column":33}}},"8":{"name":"_classCallCheck","line":61,"loc":{"start":{"line":61,"column":0},"end":{"line":61,"column":48}}},"9":{"name":"_possibleConstructorReturn","line":63,"loc":{"start":{"line":63,"column":0},"end":{"line":63,"column":48}}},"10":{"name":"_inherits","line":65,"loc":{"start":{"line":65,"column":0},"end":{"line":65,"column":41}}},"11":{"name":"(anonymous_11)","line":102,"loc":{"start":{"line":102,"column":14},"end":{"line":102,"column":36}}},"12":{"name":"Griddle","line":105,"loc":{"start":{"line":105,"column":2},"end":{"line":105,"column":26}}},"13":{"name":"(anonymous_13)","line":131,"loc":{"start":{"line":131,"column":115},"end":{"line":131,"column":128}}},"14":{"name":"(anonymous_14)","line":136,"loc":{"start":{"line":136,"column":130},"end":{"line":136,"column":143}}},"15":{"name":"(anonymous_15)","line":140,"loc":{"start":{"line":140,"column":144},"end":{"line":140,"column":157}}},"16":{"name":"(anonymous_16)","line":144,"loc":{"start":{"line":144,"column":98},"end":{"line":144,"column":111}}},"17":{"name":"(anonymous_17)","line":148,"loc":{"start":{"line":148,"column":37},"end":{"line":148,"column":65}}},"18":{"name":"(anonymous_18)","line":163,"loc":{"start":{"line":163,"column":45},"end":{"line":163,"column":58}}},"19":{"name":"(anonymous_19)","line":168,"loc":{"start":{"line":168,"column":38},"end":{"line":168,"column":66}}},"20":{"name":"componentWillReceiveProps","line":188,"loc":{"start":{"line":188,"column":11},"end":{"line":188,"column":57}}},"21":{"name":"getChildContext","line":198,"loc":{"start":{"line":198,"column":11},"end":{"line":198,"column":38}}},"22":{"name":"render","line":208,"loc":{"start":{"line":208,"column":11},"end":{"line":208,"column":29}}}},"statementMap":{"1":{"start":{"line":3,"column":0},"end":{"line":5,"column":3}},"2":{"start":{"line":7,"column":0},"end":{"line":7,"column":564}},"3":{"start":{"line":7,"column":33},"end":{"line":7,"column":349}},"4":{"start":{"line":7,"column":76},"end":{"line":7,"column":347}},"5":{"start":{"line":7,"column":117},"end":{"line":7,"column":143}},"6":{"start":{"line":7,"column":144},"end":{"line":7,"column":199}},"7":{"start":{"line":7,"column":200},"end":{"line":7,"column":231}},"8":{"start":{"line":7,"column":232},"end":{"line":7,"column":286}},"9":{"start":{"line":7,"column":259},"end":{"line":7,"column":286}},"10":{"start":{"line":7,"column":287},"end":{"line":7,"column":345}},"11":{"start":{"line":7,"column":350},"end":{"line":7,"column":559}},"12":{"start":{"line":7,"column":407},"end":{"line":7,"column":475}},"13":{"start":{"line":7,"column":423},"end":{"line":7,"column":475}},"14":{"start":{"line":7,"column":476},"end":{"line":7,"column":536}},"15":{"start":{"line":7,"column":493},"end":{"line":7,"column":536}},"16":{"start":{"line":7,"column":537},"end":{"line":7,"column":556}},"17":{"start":{"line":9,"column":0},"end":{"line":9,"column":257}},"18":{"start":{"line":9,"column":52},"end":{"line":9,"column":239}},"19":{"start":{"line":9,"column":97},"end":{"line":9,"column":123}},"20":{"start":{"line":9,"column":124},"end":{"line":9,"column":237}},"21":{"start":{"line":9,"column":150},"end":{"line":9,"column":235}},"22":{"start":{"line":9,"column":207},"end":{"line":9,"column":233}},"23":{"start":{"line":9,"column":240},"end":{"line":9,"column":254}},"24":{"start":{"line":11,"column":0},"end":{"line":11,"column":30}},"25":{"start":{"line":13,"column":0},"end":{"line":13,"column":38}},"26":{"start":{"line":15,"column":0},"end":{"line":15,"column":53}},"27":{"start":{"line":17,"column":0},"end":{"line":17,"column":41}},"28":{"start":{"line":19,"column":0},"end":{"line":19,"column":30}},"29":{"start":{"line":21,"column":0},"end":{"line":21,"column":45}},"30":{"start":{"line":23,"column":0},"end":{"line":23,"column":32}},"31":{"start":{"line":25,"column":0},"end":{"line":25,"column":47}},"32":{"start":{"line":27,"column":0},"end":{"line":27,"column":53}},"33":{"start":{"line":29,"column":0},"end":{"line":29,"column":57}},"34":{"start":{"line":31,"column":0},"end":{"line":31,"column":42}},"35":{"start":{"line":33,"column":0},"end":{"line":33,"column":55}},"36":{"start":{"line":35,"column":0},"end":{"line":35,"column":70}},"37":{"start":{"line":37,"column":0},"end":{"line":37,"column":83}},"38":{"start":{"line":39,"column":0},"end":{"line":39,"column":58}},"39":{"start":{"line":41,"column":0},"end":{"line":41,"column":56}},"40":{"start":{"line":43,"column":0},"end":{"line":43,"column":60}},"41":{"start":{"line":45,"column":0},"end":{"line":45,"column":50}},"42":{"start":{"line":47,"column":0},"end":{"line":47,"column":44}},"43":{"start":{"line":49,"column":0},"end":{"line":49,"column":46}},"44":{"start":{"line":51,"column":0},"end":{"line":51,"column":36}},"45":{"start":{"line":53,"column":0},"end":{"line":53,"column":48}},"46":{"start":{"line":55,"column":0},"end":{"line":55,"column":269}},"47":{"start":{"line":55,"column":40},"end":{"line":55,"column":267}},"48":{"start":{"line":55,"column":69},"end":{"line":55,"column":80}},"49":{"start":{"line":55,"column":90},"end":{"line":55,"column":106}},"50":{"start":{"line":55,"column":107},"end":{"line":55,"column":228}},"51":{"start":{"line":55,"column":126},"end":{"line":55,"column":226}},"52":{"start":{"line":55,"column":149},"end":{"line":55,"column":224}},"53":{"start":{"line":55,"column":201},"end":{"line":55,"column":224}},"54":{"start":{"line":55,"column":229},"end":{"line":55,"column":250}},"55":{"start":{"line":55,"column":251},"end":{"line":55,"column":265}},"56":{"start":{"line":57,"column":0},"end":{"line":57,"column":95}},"57":{"start":{"line":57,"column":39},"end":{"line":57,"column":93}},"58":{"start":{"line":59,"column":0},"end":{"line":59,"column":195}},"59":{"start":{"line":59,"column":35},"end":{"line":59,"column":193}},"60":{"start":{"line":59,"column":61},"end":{"line":59,"column":145}},"61":{"start":{"line":59,"column":126},"end":{"line":59,"column":143}},"62":{"start":{"line":59,"column":146},"end":{"line":59,"column":158}},"63":{"start":{"line":59,"column":168},"end":{"line":59,"column":191}},"64":{"start":{"line":61,"column":0},"end":{"line":61,"column":153}},"65":{"start":{"line":61,"column":50},"end":{"line":61,"column":151}},"66":{"start":{"line":61,"column":92},"end":{"line":61,"column":149}},"67":{"start":{"line":63,"column":0},"end":{"line":63,"column":240}},"68":{"start":{"line":63,"column":50},"end":{"line":63,"column":151}},"69":{"start":{"line":63,"column":63},"end":{"line":63,"column":149}},"70":{"start":{"line":63,"column":152},"end":{"line":63,"column":238}},"71":{"start":{"line":65,"column":0},"end":{"line":65,"column":494}},"72":{"start":{"line":65,"column":43},"end":{"line":65,"column":208}},"73":{"start":{"line":65,"column":106},"end":{"line":65,"column":206}},"74":{"start":{"line":65,"column":209},"end":{"line":65,"column":373}},"75":{"start":{"line":65,"column":374},"end":{"line":65,"column":492}},"76":{"start":{"line":65,"column":390},"end":{"line":65,"column":492}},"77":{"start":{"line":67,"column":0},"end":{"line":70,"column":3}},"78":{"start":{"line":72,"column":0},"end":{"line":100,"column":2}},"79":{"start":{"line":102,"column":0},"end":{"line":218,"column":20}},"80":{"start":{"line":103,"column":2},"end":{"line":103,"column":33}},"81":{"start":{"line":105,"column":2},"end":{"line":184,"column":3}},"82":{"start":{"line":106,"column":4},"end":{"line":106,"column":35}},"83":{"start":{"line":108,"column":4},"end":{"line":108,"column":122}},"84":{"start":{"line":110,"column":4},"end":{"line":124,"column":70}},"85":{"start":{"line":127,"column":4},"end":{"line":127,"column":80}},"86":{"start":{"line":128,"column":4},"end":{"line":128,"column":89}},"87":{"start":{"line":131,"column":4},"end":{"line":133,"column":10}},"88":{"start":{"line":132,"column":6},"end":{"line":132,"column":23}},"89":{"start":{"line":136,"column":4},"end":{"line":138,"column":28}},"90":{"start":{"line":137,"column":6},"end":{"line":137,"column":26}},"91":{"start":{"line":140,"column":4},"end":{"line":142,"column":42}},"92":{"start":{"line":141,"column":6},"end":{"line":141,"column":40}},"93":{"start":{"line":144,"column":4},"end":{"line":146,"column":10}},"94":{"start":{"line":145,"column":6},"end":{"line":145,"column":22}},"95":{"start":{"line":148,"column":4},"end":{"line":150,"column":32}},"96":{"start":{"line":149,"column":6},"end":{"line":149,"column":54}},"97":{"start":{"line":152,"column":4},"end":{"line":152,"column":88}},"98":{"start":{"line":154,"column":4},"end":{"line":157,"column":31}},"99":{"start":{"line":160,"column":4},"end":{"line":165,"column":34}},"100":{"start":{"line":164,"column":6},"end":{"line":164,"column":32}},"101":{"start":{"line":168,"column":4},"end":{"line":180,"column":7}},"102":{"start":{"line":169,"column":6},"end":{"line":169,"column":92}},"103":{"start":{"line":182,"column":4},"end":{"line":182,"column":66}},"104":{"start":{"line":183,"column":4},"end":{"line":183,"column":17}},"105":{"start":{"line":186,"column":2},"end":{"line":215,"column":6}},"106":{"start":{"line":189,"column":6},"end":{"line":191,"column":52}},"107":{"start":{"line":194,"column":6},"end":{"line":194,"column":127}},"108":{"start":{"line":199,"column":6},"end":{"line":204,"column":8}},"109":{"start":{"line":209,"column":6},"end":{"line":213,"column":8}},"110":{"start":{"line":217,"column":2},"end":{"line":217,"column":17}},"111":{"start":{"line":220,"column":0},"end":{"line":225,"column":2}},"112":{"start":{"line":226,"column":0},"end":{"line":226,"column":26}}},"branchMap":{"1":{"line":7,"type":"binary-expr","locations":[{"start":{"line":7,"column":168},"end":{"line":7,"column":189}},{"start":{"line":7,"column":193},"end":{"line":7,"column":198}}]},"2":{"line":7,"type":"if","locations":[{"start":{"line":7,"column":232},"end":{"line":7,"column":232}},{"start":{"line":7,"column":232},"end":{"line":7,"column":232}}]},"3":{"line":7,"type":"if","locations":[{"start":{"line":7,"column":407},"end":{"line":7,"column":407}},{"start":{"line":7,"column":407},"end":{"line":7,"column":407}}]},"4":{"line":7,"type":"if","locations":[{"start":{"line":7,"column":476},"end":{"line":7,"column":476}},{"start":{"line":7,"column":476},"end":{"line":7,"column":476}}]},"5":{"line":9,"type":"binary-expr","locations":[{"start":{"line":9,"column":15},"end":{"line":9,"column":28}},{"start":{"line":9,"column":32},"end":{"line":9,"column":256}}]},"6":{"line":9,"type":"if","locations":[{"start":{"line":9,"column":150},"end":{"line":9,"column":150}},{"start":{"line":9,"column":150},"end":{"line":9,"column":150}}]},"7":{"line":55,"type":"if","locations":[{"start":{"line":55,"column":40},"end":{"line":55,"column":40}},{"start":{"line":55,"column":40},"end":{"line":55,"column":40}}]},"8":{"line":55,"type":"binary-expr","locations":[{"start":{"line":55,"column":44},"end":{"line":55,"column":47}},{"start":{"line":55,"column":51},"end":{"line":55,"column":65}}]},"9":{"line":55,"type":"if","locations":[{"start":{"line":55,"column":107},"end":{"line":55,"column":107}},{"start":{"line":55,"column":107},"end":{"line":55,"column":107}}]},"10":{"line":55,"type":"if","locations":[{"start":{"line":55,"column":149},"end":{"line":55,"column":149}},{"start":{"line":55,"column":149},"end":{"line":55,"column":149}}]},"11":{"line":57,"type":"cond-expr","locations":[{"start":{"line":57,"column":70},"end":{"line":57,"column":73}},{"start":{"line":57,"column":76},"end":{"line":57,"column":92}}]},"12":{"line":57,"type":"binary-expr","locations":[{"start":{"line":57,"column":46},"end":{"line":57,"column":49}},{"start":{"line":57,"column":53},"end":{"line":57,"column":67}}]},"13":{"line":59,"type":"if","locations":[{"start":{"line":59,"column":35},"end":{"line":59,"column":35}},{"start":{"line":59,"column":35},"end":{"line":59,"column":35}}]},"14":{"line":61,"type":"if","locations":[{"start":{"line":61,"column":50},"end":{"line":61,"column":50}},{"start":{"line":61,"column":50},"end":{"line":61,"column":50}}]},"15":{"line":63,"type":"if","locations":[{"start":{"line":63,"column":50},"end":{"line":63,"column":50}},{"start":{"line":63,"column":50},"end":{"line":63,"column":50}}]},"16":{"line":63,"type":"cond-expr","locations":[{"start":{"line":63,"column":226},"end":{"line":63,"column":230}},{"start":{"line":63,"column":233},"end":{"line":63,"column":237}}]},"17":{"line":63,"type":"binary-expr","locations":[{"start":{"line":63,"column":159},"end":{"line":63,"column":163}},{"start":{"line":63,"column":168},"end":{"line":63,"column":192}},{"start":{"line":63,"column":196},"end":{"line":63,"column":222}}]},"18":{"line":65,"type":"if","locations":[{"start":{"line":65,"column":43},"end":{"line":65,"column":43}},{"start":{"line":65,"column":43},"end":{"line":65,"column":43}}]},"19":{"line":65,"type":"binary-expr","locations":[{"start":{"line":65,"column":47},"end":{"line":65,"column":79}},{"start":{"line":65,"column":83},"end":{"line":65,"column":102}}]},"20":{"line":65,"type":"binary-expr","locations":[{"start":{"line":65,"column":244},"end":{"line":65,"column":254}},{"start":{"line":65,"column":258},"end":{"line":65,"column":278}}]},"21":{"line":65,"type":"if","locations":[{"start":{"line":65,"column":374},"end":{"line":65,"column":374}},{"start":{"line":65,"column":374},"end":{"line":65,"column":374}}]},"22":{"line":65,"type":"cond-expr","locations":[{"start":{"line":65,"column":414},"end":{"line":65,"column":457}},{"start":{"line":65,"column":460},"end":{"line":65,"column":491}}]},"23":{"line":108,"type":"binary-expr","locations":[{"start":{"line":108,"column":50},"end":{"line":108,"column":67}},{"start":{"line":108,"column":71},"end":{"line":108,"column":101}}]},"24":{"line":111,"type":"cond-expr","locations":[{"start":{"line":111,"column":49},"end":{"line":111,"column":51}},{"start":{"line":111,"column":54},"end":{"line":111,"column":68}}]},"25":{"line":115,"type":"cond-expr","locations":[{"start":{"line":115,"column":47},"end":{"line":115,"column":49}},{"start":{"line":115,"column":52},"end":{"line":115,"column":65}}]},"26":{"line":117,"type":"cond-expr","locations":[{"start":{"line":117,"column":63},"end":{"line":117,"column":65}},{"start":{"line":117,"column":68},"end":{"line":117,"column":89}}]},"27":{"line":119,"type":"cond-expr","locations":[{"start":{"line":119,"column":57},"end":{"line":119,"column":59}},{"start":{"line":119,"column":62},"end":{"line":119,"column":80}}]},"28":{"line":123,"type":"cond-expr","locations":[{"start":{"line":123,"column":69},"end":{"line":123,"column":71}},{"start":{"line":123,"column":74},"end":{"line":123,"column":95}}]},"29":{"line":169,"type":"cond-expr","locations":[{"start":{"line":169,"column":37},"end":{"line":169,"column":80}},{"start":{"line":169,"column":83},"end":{"line":169,"column":91}}]}},"code":["'use strict';","","Object.defineProperty(exports, \"__esModule\", {","  value: true","});","","var _createClass = function () { function defineProperties(target, props) { for (var i = 0; i < props.length; i++) { var descriptor = props[i]; descriptor.enumerable = descriptor.enumerable || false; descriptor.configurable = true; if (\"value\" in descriptor) descriptor.writable = true; Object.defineProperty(target, descriptor.key, descriptor); } } return function (Constructor, protoProps, staticProps) { if (protoProps) defineProperties(Constructor.prototype, protoProps); if (staticProps) defineProperties(Constructor, staticProps); return Constructor; }; }();","","var _extends = Object.assign || function (target) { for (var i = 1; i < arguments.length; i++) { var source = arguments[i]; for (var key in source) { if (Object.prototype.hasOwnProperty.call(source, key)) { target[key] = source[key]; } } } return target; };","","var _redux = require('redux');","","var _immutable = require('immutable');","","var _immutable2 = _interopRequireDefault(_immutable);","","var _reactRedux = require('react-redux');","","var _react = require('react');","","var _react2 = _interopRequireDefault(_react);","","var _lodash = require('lodash');","","var _lodash2 = _interopRequireDefault(_lodash);","","var _dataReducer = require('./reducers/dataReducer');","","var dataReducers = _interopRequireWildcard(_dataReducer);","","var _components = require('./components');","","var _components2 = _interopRequireDefault(_components);","","var _settingsComponentObjects = require('./settingsComponentObjects');","","var _settingsComponentObjects2 = _interopRequireDefault(_settingsComponentObjects);","","var _dataSelectors = require('./selectors/dataSelectors');","","var selectors = _interopRequireWildcard(_dataSelectors);","","var _compositionUtils = require('./utils/compositionUtils');","","var _columnUtils = require('./utils/columnUtils');","","var _rowUtils = require('./utils/rowUtils');","","var _sortUtils = require('./utils/sortUtils');","","var _actions = require('./actions');","","var actions = _interopRequireWildcard(_actions);","","function _interopRequireWildcard(obj) { if (obj && obj.__esModule) { return obj; } else { var newObj = {}; if (obj != null) { for (var key in obj) { if (Object.prototype.hasOwnProperty.call(obj, key)) newObj[key] = obj[key]; } } newObj.default = obj; return newObj; } }","","function _interopRequireDefault(obj) { return obj && obj.__esModule ? obj : { default: obj }; }","","function _toConsumableArray(arr) { if (Array.isArray(arr)) { for (var i = 0, arr2 = Array(arr.length); i < arr.length; i++) { arr2[i] = arr[i]; } return arr2; } else { return Array.from(arr); } }","","function _classCallCheck(instance, Constructor) { if (!(instance instanceof Constructor)) { throw new TypeError(\"Cannot call a class as a function\"); } }","","function _possibleConstructorReturn(self, call) { if (!self) { throw new ReferenceError(\"this hasn't been initialised - super() hasn't been called\"); } return call && (typeof call === \"object\" || typeof call === \"function\") ? call : self; }","","function _inherits(subClass, superClass) { if (typeof superClass !== \"function\" && superClass !== null) { throw new TypeError(\"Super expression must either be null or a function, not \" + typeof superClass); } subClass.prototype = Object.create(superClass && superClass.prototype, { constructor: { value: subClass, enumerable: false, writable: true, configurable: true } }); if (superClass) Object.setPrototypeOf ? Object.setPrototypeOf(subClass, superClass) : subClass.__proto__ = superClass; }","","var defaultEvents = _extends({}, actions, {","  onFilter: actions.setFilter,","  setSortProperties: _sortUtils.setSortProperties","});","","var defaultStyleConfig = {","  icons: {","    TableHeadingCell: {","      sortDescendingIcon: '▼',","      sortAscendingIcon: '▲'","    }","  },","  classNames: {","    Cell: 'griddle-cell',","    Filter: 'griddle-filter',","    Loading: 'griddle-loadingResults',","    NextButton: 'griddle-next-button',","    NoResults: 'griddle-noResults',","    PageDropdown: 'griddle-page-select',","    Pagination: 'griddle-pagination',","    PreviousButton: 'griddle-previous-button',","    Row: 'griddle-row',","    RowDefinition: 'griddle-row-definition',","    Settings: 'griddle-settings',","    SettingsToggle: 'griddle-settings-toggle',","    Table: 'griddle-table',","    TableBody: 'griddle-table-body',","    TableHeading: 'griddle-table-heading',","    TableHeadingCell: 'griddle-table-heading-cell',","    TableHeadingCellAscending: 'griddle-heading-ascending',","    TableHeadingCellDescending: 'griddle-heading-descending'","  },","  styles: {}","};","","var Griddle = function (_Component) {","  _inherits(Griddle, _Component);","","  function Griddle(props) {","    _classCallCheck(this, Griddle);","","    var _this = _possibleConstructorReturn(this, (Griddle.__proto__ || Object.getPrototypeOf(Griddle)).call(this, props));","","    var _props$plugins = props.plugins,","        plugins = _props$plugins === undefined ? [] : _props$plugins,","        data = props.data,","        rowPropertiesComponent = props.children,","        _props$events = props.events,","        events = _props$events === undefined ? {} : _props$events,","        _props$sortP
[...]
":[{"start":{"line":26,"column":2},"end":{"line":26,"column":2}},{"start":{"line":26,"column":2},"end":{"line":26,"column":2}}]},"4":{"line":26,"type":"binary-expr","locations":[{"start":{"line":26,"column":6},"end":{"line":26,"column":31}},{"start":{"line":26,"column":35},"end":{"line":26,"column":59}}]},"5":{"line":50,"type":"if","locations":[{"start":{"line":50,"column":2},"end":{"line":50,"column":2}},{"start":{"line":50,"column":2},"end":{"line":50,"column":2}}]},"6":{"line":50,"type":"binary-expr","locations":[{"start":{"line":50,"column":6},"end":{"line":50,"column":19}},{"start":{"line":50,"column":23},"end":{"line":50,"column":60}},{"start":{"line":50,"column":64},"end":{"line":50,"column":171}}]},"7":{"line":54,"type":"cond-expr","locations":[{"start":{"line":54,"column":86},"end":{"line":54,"column":107}},{"start":{"line":54,"column":110},"end":{"line":54,"column":152}}]},"8":{"line":54,"type":"binary-expr","locations":[{"start":{"line":54,"column":190},"end":{"line":54,"column":205}},{"start":{"line":54,"column":209},"end":{"line":54,"column":250}}]},"9":{"line":61,"type":"binary-expr","locations":[{"start":{"line":61,"column":31},"end":{"line":61,"column":53}},{"start":{"line":61,"column":57},"end":{"line":61,"column":58}}]},"10":{"line":62,"type":"binary-expr","locations":[{"start":{"line":62,"column":33},"end":{"line":62,"column":55}},{"start":{"line":62,"column":59},"end":{"line":62,"column":60}}]}},"code":["'use strict';","","Object.defineProperty(exports, \"__esModule\", {","  value: true","});","exports.shouldUpdateDrawnRows = shouldUpdateDrawnRows;","exports.setCurrentPosition = setCurrentPosition;","exports.updatePositionProperties = updatePositionProperties;","exports.updateRenderedData = updateRenderedData;","","var _immutable = require('immutable');","","var _immutable2 = _interopRequireDefault(_immutable);","","var _initialState = require('./initial-state');","","var _initialState2 = _interopRequireDefault(_initialState);","","function _interopRequireDefault(obj) { return obj && obj.__esModule ? obj : { default: obj }; }","","function shouldUpdateDrawnRows(action, state) {","  var height = state.getIn(['currentPosition', 'height']);","  var width = state.getIn(['currentPosition', 'width']);","","  // If the containers have changed size, update drawn rows.","  if (height != action.yVisible || width != action.xVisible) return true;","","  var yScrollChangePosition = state.getIn(['currentPosition', 'yScrollChangePosition']);","  var rowHeight = state.getIn(['positionConfig', 'rowHeight']);","","  // Get the current visible record count.","  var visibleRecordCount = getVisibleRecordCount(state);","","  // Get the count of rendered rows.","  var startDisplayIndex = state.getIn(['currentPosition', 'renderedStartDisplayIndex']);","  var endDisplayIndex = state.getIn(['currentPosition', 'renderedEndDisplayIndex']);","  var renderedRecordCount = endDisplayIndex - startDisplayIndex;","","  // Calculate the height of a third of the difference.","  var rowDifferenceHeight = rowHeight * (renderedRecordCount - visibleRecordCount) / 3;","","  return Math.abs(action.yScrollPosition - yScrollChangePosition) >= rowDifferenceHeight;","}","","function setCurrentPosition(state, yScrollPosition, xScrollPosition) {","  return state.setIn(['currentPosition', 'yScrollChangePosition'], yScrollPosition).setIn(['currentPosition', 'xScrollChangePosition'], xScrollPosition);","}","","function updatePositionProperties(action, state, force) {","  if (!action.force && !shouldUpdateDrawnRows(action, state) && !_immutable2.default.is(state.get('currentPosition'), (0, _initialState2.default)().get('currentPosition'))) {","    return state; // Indicate that this shouldn't result in an emit.","  }","","  var sizeUpdatedState = state.setIn(['currentPosition', 'height'], action.yVisible ? action.yVisible * 1.2 : state.getIn(['currentPosition', 'height'])).setIn(['currentPosition', 'width'], action.xVisible || state.getIn(['currentPosition', 'width']));","","  var visibleRecordCount = getVisibleRecordCount(sizeUpdatedState);","  var visibleDataLength = helpers.getDataSetSize(sizeUpdatedState);","","  var rowHeight = sizeUpdatedState.getIn(['positionConfig', 'rowHeight']);","","  var verticalScrollPosition = action.yScrollPosition || 0;","  var horizontalScrollPosition = action.xScrollPosition || 0;","","  // Inspired by : http://jsfiddle.net/vjeux/KbWJ2/9/","  var renderedStartDisplayIndex = Math.max(0, Math.floor(Math.floor(verticalScrollPosition / rowHeight) - visibleRecordCount * 0.25));","  var renderedEndDisplayIndex = Math.min(Math.floor(renderedStartDisplayIndex + visibleRecordCount * 2), visibleDataLength - 1) + 1;","","  return setCurrentPosition(sizeUpdatedState, verticalScrollPosition, horizontalScrollPosition).setIn(['currentPosition', 'renderedStartDisplayIndex'], renderedStartDisplayIndex).setIn(['currentPosition', 'renderedEndDisplayIndex'], renderedEndDisplayIndex).setIn(['currentPosition', 'visibleDataLength'], visibleDataLength);","}","","function updateRenderedData(state) {","  var startDisplayIndex = state.getIn(['currentPosition', 'renderedStartDisplayIndex']);","  var columns = helpers.getDataColumns(state, data);","  var data = helpers.getDataSet(state);","","  return state.set('renderedData', helpers.getVisibleDataColumns(data.skip(startDisplayIndex).take(state.getIn(['currentPosition', 'renderedEndDisplayIndex']) - startDisplayIndex), columns));","}"],"l":{"3":1,"6":1,"7":1,"8":1,"9":1,"11":1,"13":1,"15":1,"17":1,"19":2,"21":1,"22":0,"23":0,"26":0,"28":0,"29":0,"32":0,"35":0,"36":0,"37":0,"40":0,"42":0,"45":1,"46":0,"49":1,"50":0,"51":0,"54":0,"56":0,"57":0,"59":0,"61":0,"62":0,"65":0,"66":0,"68":0,"71":1,"72":0,"73":0,"74":0,"76":0}},"/home/travis/build/npmtest/node-npmtest-griddle-react/node_modules/griddle-react/dist/module/plugins/position/initial-state.js":{"path":"/home/travis/build/npmtest/node-npmtest-griddle-react/node_modules/griddle-react/dist/module/plugins/position/initial-state.js","s":{"1":1,"2":1,"3":1},"b":{},"f":{},"fnMap":{},"statementMap":{"1":{"start":{"line":3,"column":0},"end":{"line":5,"column":3}},"2":{"start":{"line":6,"column":0},"end":{"line":31,"column":2}},"3":{"start":{"line":33,"column":0},"end":{"line":33,"column":31}}},"branchMap":{},"code":["'use strict';","","Object.defineProperty(exports, \"__esModule\", {","  value: true","});","var initialState = {","  renderedData: [],","  currentPosition: {","    height: 500,","    width: 500,","    xScrollChangePosition: 0,","    yScrollChangePosition: 0,","    renderedStartDisplayIndex: 0,","    renderedEndDisplayIndex: 16,","    visibleDataLength: 16","  },","  positionSettings: {","    // The height of the table","    tableHeight: '70%',","    // The width of the table","    tableWidth: null,","    // The minimum row height","    rowHeight: 30,","    // The minimum column width","    defaultColumnWidth: null,","    // Whether or not the header should be fixed","    fixedHeader: true,","    // Disable pointer events while scrolling to improve performance","    disablePointerEvents: false","  }","};","","exports.default = initialState;"],"l":{"3":1,"6":1,"33":1}},"/home/travis/build/npmtest/node-npmtest-griddle-react/node_modules/griddle-react/dist/module/plugins/position/selectors/index.js":{"path":"/home/travis/build/npmtest/node-npmtest-griddle-react/node_modules/griddle-react/dist/module/plugins/position/selectors/index.js","s":{"1":1,"2":1,"3":1,"4":1,"5":1,"6":0,"7":1,"8":0,"9":1,"10":0,"11":1,"12":0,"13":1,"14":0,"15":1,"16":0,"17":1,"18":0,"19":1,"20":0,"21":1,"22":0,"23":1,"24":0,"25":1,"26":0,"27":1,"28":0,"29":1,"30":0,"31":1,"32":0,"33":0,"34":1,"35":0,"36":1,"37":0,"38":0},"b":{"1":[0,0],"2":[0,0]},"f":{"1":0,"2":0,"3":0,"4":0,"5":0,"6":0,"7":0,"8":0,"9":0,"10":0,"11":0,"12":0,"13":0,"14":0,"15":0,"16":0,"17":0,"18":0},"fnMap":{"1":{"name":"positionSettingsSelector","line":12,"loc":{"start":{"line":12,"column":66},"end":{"line":12,"column":107}}},"2":{"name":"rowHeightSelector","line":15,"loc":{"start":{"line":15,"column":52},"end":{"line":15,"column":86}}},"3":{"name":"currentHeightSelector","line":18,"loc":{"start":{"line":18,"column":60},"end":{"line":18,"column":98}}},"4":{"name":"tableHeightSelector","line":22,"loc":{"start":{"line":22,"column":56},"end":{"line":22,"column":92}}},"5":{"name":"tableWidthSelector","line":25,"loc":{"start":{"line":25,"column":54},"end":{"line":25,"column":89}}},"6":{"name":"(anonymous_6)","line":37,"loc":{"start":{"line":37,"column":142},"end":{"line":37,"column":178}}},"7":{"name":"(anonymous_7)","line":41,"loc":{"start":{"line":41,"column":134},"end":{"line":41,"column":156}}},"8":{"name":"hoizontalScrollChangeSelector","line":45,"loc":{"start":{"line":45,"column":76},"end":{"line":45,"column":122}}},"9":{"name":"verticalScrollChangeSelector","line":48,"loc":{"start":{"line":48,"column":74},"end":{"line":48,"column":119}}},"10":{"name":"(anonymous_10)","line":52,"loc":{"start":{"line":52,"column":161},"end":{"line":52,"column":226}}},"11":{"name":"(anonymous_11)","line":57,"loc":{"start":{"line":57,"column":155},"end":{"line":57,"column":223}}},"12":{"name":"(anonymous_12)","line":62,"loc":{"start":{"line":62,"column":121},"end":{"line":62,"column":154}}},"13":{"name":"(anonymous_13)","line":66,"loc":{"start":{"line":66,"column":152},"end":{"line":66,"column":202}}},"14":{"name":"currentPageDataSelector","line":73,"loc":{"start":{"line":73,"column":64},"end":{"line":73,"column":99}}},"15":{"name":"(anonymous_15)","line":74,"loc":{"start":{"line":74,"column":113},"end":{"line":74,"column":171}}},"16":{"name":"(anonymous_16)","line":81,"loc":{"start":{"line":81,"column":151},"end":{"line":81,"column":194}}},"17":{"name":"(anonymous_17)","line":86,"loc":{"start":{"line":86,"column":115},"end":{"line":86,"column":142}}},"18":{"name":"(anonymous_18)","line":87,"loc":{"start":{"line":87,"column":29},"end":{"line":87,"column":42}}}},"statementMap":{"1":{"start":{"line":3,"column":0},"end":{"line":5,"column":3}},"2":{"start":{"line":6,"column":0},"end":{"line":6,"column":527}},"3":{"start":{"line":8,"column":0},"end":{"line":8,"column":36}},"4":{"start":{"line":10,"column":0},"end":{"line":10,"column":70}},"5":{"start":{"line":12,"column":0},"end":{"line":14,"column":2}},"6":{"start":{"line":13,"column":2},"end":{"line":13,"column":39}},"7":{"start":{"line":15,"column":0},"end":{"line":17,"column":2}},"8":{"start":{"line":16,"column":2},"end":{"line":16,"column":56}},"9":{"start":{"line":18,"column":0},"end":{"line":20,"column":2}},"10":{"start":{"line":19,"column":2},"end":{"line":19,"column":52}},"11":{"start":{"line":22,"column":0},"end":{"line":24,"column":2}},"12":{"start":{"line":23,"column":2},"end":{"line":23,"column":58}},"13":{"start":{"line":25,"column":0},"end":{"line":27,"column":2}},"14":{"start":{"line":26,"column":2},"end":{"line":26,"column":57}},"15":{"start":{"line":37,"column":0},"end":{"line":39,"column":3}},"16":{"start":{"line":38,"column":2},"end":{"line":38,"column":46}},"17":{"start":{"line":41,"column":0},"end":{"line":43,"column":3}},"18":{"start":{"line":42,"column":2},"end":{"line":42,"column":25}},"19":{"start":{"line":45,"column":0},"end":{"line":47,"column":2}},"20":{"start":{"line":46,"column":2},"end":{"line":46,"column":72}},"21":{"start":{"line":48,"column":0},"end":{"line":50,"column":2}},"22":{"start":{"line":49,"column":2},"end":{"line":49,"column":72}},"23":{"start":{"line":52,"column":0},"end":{"line":55,"column":3}},"24":{"start":{"line":54,"column":2},"end":{"line":54,"column":109}},"25":{"start":{"line":57,"column":0},"end":{"line":60,"column":3}},"26":{"start":{"line":59,"column":2},"end":{"line":59,"column":101}},"27":{"start":{"line":62,"column":0},"end":{"line":64,"column":3}},"28":{"start":{"line":63,"column":2},"end":{"line":63,"column":32}},"29":{"start":{"line":66,"column":0},"end":{"line":68,"column":3}},"30":{"start":{"line":67,"column":2},"end":{"line":67,"column":52}},"31":{"start":{"line":73,"column":0},"end":{"line":77,"column":2}},"32":{"start":{"line":74,"column":2},"end":{"line":76,"column":33}},"33":{"start":{"line":75,"column":4},"end":{"line":75,"column":88}},"34":{"start":{"line":81,"column":0},"end":{"line":83,"column":3}},"35":{"start":{"line":82,"column":2},"end":{"line":82,"column":67}},"36":{"start":{"line":86,"column":0},"end":{"line":90,"column":3}},"37":{"start":{"line":87,"column":2},"end":{"line":89,"column":5}},"38":{"start":{"line":88,"column":4},"end":{"line":88,"column":31}}},"branchMap":{"1":{"line":46,"type":"binary-expr","locations":[{"start":{"line":46,"column":9},"end":{"line":46,"column":66}},{"start":{"line":46,"column":70},"end":{"line":46,"column":71}}]},"2":{"line":49,"type":"binary-expr","locations":[{"start":{"line":49,"column":9},"end":{"line":49,"column":66}},{"start":{"line":49,"column":70},"end":{"line":49,"column":71}}]}},"code":["'use strict';","","Object.defineProperty(exports, \"__esModule\", {","  value: true","});","exports.visibleRowIdsSelector = exports.visibleDataSelector = exports.currentPageDataSelector = exports.bottomSpacerSelector = exports.topSpacerSelector = exports.endIndexSelector = exports.startIndexSelector = exports.verticalScrollChangeSelector = exports.hoizontalScrollChangeSelector = exports.visibleDataLengthSelector = exports.visibleRecordCountSelector = exports.tableWidthSelector = exports.tableHeightSelector = exports.currentHeightSelector = exports.rowHeightSelector = exports.positionSettingsSelector = undefined;","","var _reselect = require('reselect');","","var _localSelectors = require('../../local/selectors/localSelectors');","","var positionSettingsSelector = exports.positionSettingsSelector = function positionSettingsSelector(state) {","  return state.get('positionSettings');","};","var rowHeightSelector = exports.rowHeightSelector = function rowHeightSelector(state) {","  return state.getIn(['positionSettings', 'rowHeight']);","};","var currentHeightSelector = exports.currentHeightSelector = function currentHeightSelector(state) {","  return state.getIn(['currentPosition', 'height']);","};","","var tableHeightSelector = exports.tableHeightSelector = function tableHeightSelector(state) {","  return state.getIn(['positionSettings', 'tableHeight']);","};","var tableWidthSelector = exports.tableWidthSelector = function tableWidthSelector(state) {","  return state.getIn(['positionSettings', 'tableWidth']);","};","","// From what i can tell from the original virtual scrolling plugin...","// 1. We want to get the visible record count","// 2. Get the size of the dataset we're working with (whether thats local or remote)","// 3. Figure out the renderedStart and End display index","// 4. Show only the records that'd fall in the render indexes","","/** Gets the number of viisble rows based on the height of the container and the rowHeight"," */","var visibleRecordCountSelector = exports.visibleRecordCountSelector = (0, _reselect.createSelector)(rowHeightSelector, currentHeightSelector, function (rowHeight, currentHeight) {","  return Math.ceil(currentHeight / rowHeight);","});","","var visibleDataLengthSelector = exports.visibleDataLengthSelector = (0, _reselect.createSelector)(_localSelectors.sortedDataSelector, function (sortedData) {","  return sortedData.size;","});","","var hoizontalScrollChangeSelector = exports.hoizontalScrollChangeSelector = function hoizontalScrollChangeSelector(state) {","  return state.getIn(['currentPosition', 'xScrollChangePosition']) || 0;","};","var verticalScrollChangeSelector = exports.verticalScrollChangeSelector = function verticalScrollChangeSelector(state) {","  return state.getIn(['currentPosition', 'yScrollChangePosition']) || 0;","};","","var startIndexSelector = exports.startIndexSelector = (0, _reselect.createSelector)(verticalScrollChangeSelector, rowHeightSelector, visibleRecordCountSelector, function (verticalScrollPosition, rowHeight, visibleRecordCount) {","  // Inspired by : http://jsfiddle.net/vjeux/KbWJ2/9/","  return Math.max(0, Math.floor(Math.floor(verticalScrollPosition / rowHeight) - visibleRecordCount * 0.25));","});","","var endIndexSelector = exports.endIndexSelector = (0, _reselect.createSelector)(startIndexSelector, visibleRecordCountSelector, visibleDataLengthSelector, function (startDisplayIndex, visibleRecordCount, visibleDataLength) {","  // Inspired by : http://jsfiddle.net/vjeux/KbWJ2/9/","  return Math.min(Math.floor(startDisplayIndex + visibleRecordCount * 2), visibleDataLength - 1) + 1;","});","","var topSpacerSelector = exports.topSpacerSelector = (0, _reselect.createSelector)(rowHeightSelector, startIndexSelector, function (rowHeight, startIndex) {","  return rowHeight * startIndex;","});","","var bottomSpacerSelector = exports.bottomSpacerSelector = (0, _reselect.createSelector)(rowHeightSelector, visibleDataLengthSelector, endIndexSelector, function (rowHeight, visibleDataLength, endIndex) {","  return rowHeight * (visibleDataLength - endIndex);","});","","/** Gets the current page of data"," * Won't be memoized :cry:"," */","var currentPageDataSelector = exports.currentPageDataSelector = function currentPageDataSelector() {","  return (0, _reselect.createSelector)(_localSelectors.sortedDataSelector, startIndexSelector, endIndexSelector, function (sortedData, startDisplayIndex, endDisplayIndex) {","    return sortedData.skip(startDisplayIndex).take(endDisplayIndex - startDisplayIndex);","  }).apply(undefined, arguments);","};","","/** Get the visible data (and only the columns that are visible)"," */","var visibleDataSelector = exports.visibleDataSelector = (0, _reselect.createSelector)(currentPageDataSelector, _localSelectors.visibleColumnsSelector, function (currentPageData, visibleColumns) {","  return getVisibleDataForColumns(currentPageData, visibleColumns);","});","","/** Gets the griddleIds for the visible rows */","var visibleRowIdsSelector = exports.visibleRowIdsSelector = (0, _reselect.createSelector)(currentPageDataSelector, function (currentPageData) {","  return currentPageData.map(function (c) {","    return c.get('griddleKey');","  });","});"],"l":{"3":1,"6":1,"8":1,"10":1,"12":1,"13":0,"15":1,"16":0,"18":1,"19":0,"22":1,"23":0,"25":1,"26":0,"37":1,"38":0,"41":1,"42":0,"45":1,"46":0,"48":1,"49":0,"52":1,"54":0,"57":1,"59":0,"62":1,"63":0,"66":1,"67":0,"73":1,"74":0,"75":0,"81":1,"82":0,"86":1,"87":0,"88":0}},"/home/travis/build/npmtest/node-npmtest-griddle-react/node_modules/griddle-react/webpack.config.js":{"path":"/home/travis/build/npmtest/node-npmtest-griddle-react/node_modules/griddle-react/webpack.config.js","s":{"1":2,"2":0,"3":0},"b":{},"f":{},"fnMap":{},"statementMap":{"1":{"start":{"line":1,"column":0},"end":{"line":1,"column":69}},"2":{"start":{"line":2,"column":0},"end":{"line":2,"column":33}},"3":{"start":{"line":4,"column":0},"end":{"line":46,"column":2}}},"branchMap":{},"code":["var LodashModuleReplacementPlugin = require('lodash-webpack-plugin');","var webpack = require('webpack');","","module.exports = {","  devtool: 'source-map',","  entry: './src/module.js',","  output: {","    path: __dirname + '/dist/umd/',","    filename: 'griddle.js',","    publicPath: '/build/',","    library: 'Griddle',","    libraryTarget: 'umd'","  },","  module: {","    loaders: [","      { test: /\\.jsx?$/,","        loader: 'babel-loader',","        exclude: [","          '/node_modules/',","          '/stories/',","          '/storybook-static/',","        ],","        cacheDirectory: true,","        query: {","          plugins: ['lodash'],","          presets: ['es2015', 'stage-0', 'react']","        }","      }","    ]","  },","  plugins: [","    new LodashModuleReplacementPlugin,","    new webpack.optimize.OccurrenceOrderPlugin,","    new webpack.optimize.UglifyJsPlugin","  ],","  externals: [","    {","      react: {","        root: 'React',","        commonjs2: 'react',","        commonjs: 'react',","        amd: 'react'","      }","    }","  ],","};",""],"l":{"1":2,"2":0,"4":0}}}